09:10:53.872 INFO  com.cmos.bj.ngtask.TaskApplication [50] - Starting TaskApplication on Evil with PID 30932 (F:\workspace\idea\ngtask\target\classes started by kongz in F:\workspace\idea\ngtask)
09:10:53.889 INFO  com.cmos.bj.ngtask.TaskApplication [652] - The following profiles are active: dev
09:10:54.108 INFO  o.s.b.d.e.DevToolsPropertyDefaultsPostProcessor [225] - Devtools property defaults active! Set 'spring.devtools.add-properties' to 'false' to disable
09:10:54.109 INFO  o.s.b.d.e.DevToolsPropertyDefaultsPostProcessor [225] - For additional web related logging consider setting the 'logging.level.web' property to 'DEBUG'
09:10:56.494 INFO  o.s.d.r.c.RepositoryConfigurationDelegate [126] - Bootstrapping Spring Data repositories in DEFAULT mode.
09:10:56.702 INFO  o.s.d.r.c.RepositoryConfigurationDelegate [182] - Finished Spring Data repository scanning in 182ms. Found 2 repository interfaces.
09:10:57.046 WARN  o.m.s.mapper.ClassPathMapperScanner [44] - No MyBatis mapper was found in '[com.cmos.bj.ngtask]' package. Please check your configuration.
09:10:57.602 INFO  o.s.c.s.PostProcessorRegistrationDelegate$BeanPostProcessorChecker [330] - Bean 'org.springframework.transaction.annotation.ProxyTransactionManagementConfiguration' of type [org.springframework.transaction.annotation.ProxyTransactionManagementConfiguration$$EnhancerBySpringCGLIB$$a85a5fe9] is not eligible for getting processed by all BeanPostProcessors (for example: not eligible for auto-proxying)
09:10:58.445 INFO  o.s.b.w.e.tomcat.TomcatWebServer [90] - Tomcat initialized with port(s): 8001 (http)
09:10:58.478 INFO  o.a.coyote.http11.Http11NioProtocol [173] - Initializing ProtocolHandler ["http-nio-8001"]
09:10:58.498 INFO  o.a.catalina.core.StandardService [173] - Starting service [Tomcat]
09:10:58.499 INFO  o.a.catalina.core.StandardEngine [173] - Starting Servlet engine: [Apache Tomcat/9.0.24]
09:10:58.812 INFO  o.a.c.c.C.[Tomcat].[localhost].[/] [173] - Initializing Spring embedded WebApplicationContext
09:10:58.813 INFO  o.s.web.context.ContextLoader [284] - Root WebApplicationContext: initialization completed in 4703 ms
09:10:58.822 INFO  c.cmos.bj.ngtask.config.DruidConfig [28] - init Druid Servlet Configuration
09:10:58.900 INFO  o.s.b.web.servlet.RegistrationBean [110] - Servlet statViewServlet was not registered (possibly already registered?)
09:10:58.908 INFO  o.s.b.web.servlet.RegistrationBean [110] - Filter webStatFilter was not registered (possibly already registered?)
09:10:59.748 INFO  c.alibaba.druid.pool.DruidDataSource [930] - {dataSource-1} inited
09:10:59.860 INFO  o.h.jpa.internal.util.LogHelper [31] - HHH000204: Processing PersistenceUnitInfo [
	name: default
	...]
09:10:59.994 INFO  org.hibernate.Version [46] - HHH000412: Hibernate Core {5.3.11.Final}
09:10:59.999 INFO  org.hibernate.cfg.Environment [213] - HHH000206: hibernate.properties not found
09:11:00.309 INFO  o.h.annotations.common.Version [49] - HCANN000001: Hibernate Commons Annotations {5.0.4.Final}
09:11:00.676 INFO  org.hibernate.dialect.Dialect [157] - HHH000400: Using dialect: org.hibernate.dialect.MySQL5Dialect
09:11:04.373 INFO  o.s.o.j.LocalContainerEntityManagerFactoryBean [415] - Initialized JPA EntityManagerFactory for persistence unit 'default'
09:11:11.234 INFO  o.s.s.c.ThreadPoolTaskExecutor [171] - Initializing ExecutorService 'applicationTaskExecutor'
09:11:12.182 WARN  o.s.b.a.o.j.JpaBaseConfiguration$JpaWebConfiguration$JpaWebMvcConfiguration [226] - spring.jpa.open-in-view is enabled by default. Therefore, database queries may be performed during view rendering. Explicitly configure spring.jpa.open-in-view to disable this warning
09:11:17.624 INFO  o.s.b.d.a.OptionalLiveReloadServer [57] - LiveReload server is running on port 35729
09:11:22.258 INFO  o.h.h.i.QueryTranslatorFactoryInitiator [47] - HHH000397: Using ASTQueryTranslatorFactory
09:11:28.798 INFO  o.s.s.a.ScheduledAnnotationBeanPostProcessor [295] - No TaskScheduler/ScheduledExecutorService bean found for scheduled processing
09:11:29.477 INFO  o.a.coyote.http11.Http11NioProtocol [173] - Starting ProtocolHandler ["http-nio-8001"]
09:11:29.600 INFO  o.s.b.w.e.tomcat.TomcatWebServer [202] - Tomcat started on port(s): 8001 (http) with context path ''
09:11:29.619 INFO  com.cmos.bj.ngtask.TaskApplication [59] - Started TaskApplication in 37.261 seconds (JVM running for 41.226)
09:12:31.944 ERROR o.s.s.s.TaskUtils$LoggingErrorHandler [96] - Unexpected error occurred in scheduled task.
java.lang.IllegalArgumentException: sftp session 为空！！！
	at org.springframework.util.Assert.isTrue(Assert.java:118)
	at com.cmos.bj.ngtask.utils.SftpUtils.connectSftpServer(SftpUtils.java:37)
	at com.cmos.bj.ngtask.task.impl.sftp.SftpTaskImpl.doTask(SftpTaskImpl.java:78)
	at com.cmos.bj.ngtask.task.AbsSftpTask.execute(AbsSftpTask.java:38)
	at com.cmos.bj.ngtask.task.ScheduleOfTask.run(ScheduleOfTask.java:23)
	at org.springframework.scheduling.support.DelegatingErrorHandlingRunnable.run(DelegatingErrorHandlingRunnable.java:54)
	at org.springframework.scheduling.concurrent.ReschedulingRunnable.run(ReschedulingRunnable.java:93)
	at java.util.concurrent.Executors$RunnableAdapter.call(Executors.java:511)
	at java.util.concurrent.FutureTask.run$$$capture(FutureTask.java:266)
	at java.util.concurrent.FutureTask.run(FutureTask.java)
	at java.util.concurrent.ScheduledThreadPoolExecutor$ScheduledFutureTask.access$201(ScheduledThreadPoolExecutor.java:180)
	at java.util.concurrent.ScheduledThreadPoolExecutor$ScheduledFutureTask.run(ScheduledThreadPoolExecutor.java:293)
	at java.util.concurrent.ThreadPoolExecutor.runWorker(ThreadPoolExecutor.java:1142)
	at java.util.concurrent.ThreadPoolExecutor$Worker.run(ThreadPoolExecutor.java:617)
	at java.lang.Thread.run(Thread.java:748)
09:12:39.049 ERROR o.s.s.s.TaskUtils$LoggingErrorHandler [96] - Unexpected error occurred in scheduled task.
java.lang.IllegalArgumentException: sftp session 为空！！！
	at org.springframework.util.Assert.isTrue(Assert.java:118)
	at com.cmos.bj.ngtask.utils.SftpUtils.connectSftpServer(SftpUtils.java:37)
	at com.cmos.bj.ngtask.task.impl.sftp.SftpTaskImpl.doTask(SftpTaskImpl.java:78)
	at com.cmos.bj.ngtask.task.AbsSftpTask.execute(AbsSftpTask.java:38)
	at com.cmos.bj.ngtask.task.ScheduleOfTask.run(ScheduleOfTask.java:23)
	at org.springframework.scheduling.support.DelegatingErrorHandlingRunnable.run(DelegatingErrorHandlingRunnable.java:54)
	at org.springframework.scheduling.concurrent.ReschedulingRunnable.run(ReschedulingRunnable.java:93)
	at java.util.concurrent.Executors$RunnableAdapter.call(Executors.java:511)
	at java.util.concurrent.FutureTask.run$$$capture(FutureTask.java:266)
	at java.util.concurrent.FutureTask.run(FutureTask.java)
	at java.util.concurrent.ScheduledThreadPoolExecutor$ScheduledFutureTask.access$201(ScheduledThreadPoolExecutor.java:180)
	at java.util.concurrent.ScheduledThreadPoolExecutor$ScheduledFutureTask.run(ScheduledThreadPoolExecutor.java:293)
	at java.util.concurrent.ThreadPoolExecutor.runWorker(ThreadPoolExecutor.java:1142)
	at java.util.concurrent.ThreadPoolExecutor$Worker.run(ThreadPoolExecutor.java:617)
	at java.lang.Thread.run(Thread.java:748)
