14:00:04.457 INFO  com.cmos.bj.ngtask.TaskApplication [50] - Starting TaskApplication on Evil with PID 13648 (F:\workspace\idea\ngtask\target\classes started by kongz in F:\workspace\idea\ngtask)
14:00:04.464 INFO  com.cmos.bj.ngtask.TaskApplication [652] - The following profiles are active: dev
14:00:04.649 INFO  o.s.b.d.e.DevToolsPropertyDefaultsPostProcessor [225] - Devtools property defaults active! Set 'spring.devtools.add-properties' to 'false' to disable
14:00:04.650 INFO  o.s.b.d.e.DevToolsPropertyDefaultsPostProcessor [225] - For additional web related logging consider setting the 'logging.level.web' property to 'DEBUG'
14:00:06.778 INFO  o.s.d.r.c.RepositoryConfigurationDelegate [126] - Bootstrapping Spring Data repositories in DEFAULT mode.
14:00:06.990 INFO  o.s.d.r.c.RepositoryConfigurationDelegate [182] - Finished Spring Data repository scanning in 194ms. Found 5 repository interfaces.
14:00:07.247 WARN  o.m.s.mapper.ClassPathMapperScanner [44] - No MyBatis mapper was found in '[com.cmos.bj.ngtask]' package. Please check your configuration.
14:00:07.658 INFO  o.s.c.s.PostProcessorRegistrationDelegate$BeanPostProcessorChecker [330] - Bean 'org.springframework.transaction.annotation.ProxyTransactionManagementConfiguration' of type [org.springframework.transaction.annotation.ProxyTransactionManagementConfiguration$$EnhancerBySpringCGLIB$$dbb75a4a] is not eligible for getting processed by all BeanPostProcessors (for example: not eligible for auto-proxying)
14:00:08.302 INFO  o.s.b.w.e.tomcat.TomcatWebServer [90] - Tomcat initialized with port(s): 8001 (http)
14:00:08.328 INFO  o.a.coyote.http11.Http11NioProtocol [173] - Initializing ProtocolHandler ["http-nio-8001"]
14:00:08.340 INFO  o.a.catalina.core.StandardService [173] - Starting service [Tomcat]
14:00:08.340 INFO  o.a.catalina.core.StandardEngine [173] - Starting Servlet engine: [Apache Tomcat/9.0.24]
14:00:08.635 INFO  o.a.c.c.C.[Tomcat].[localhost].[/] [173] - Initializing Spring embedded WebApplicationContext
14:00:08.636 INFO  o.s.web.context.ContextLoader [284] - Root WebApplicationContext: initialization completed in 3985 ms
14:00:08.644 INFO  c.cmos.bj.ngtask.config.DruidConfig [28] - init Druid Servlet Configuration
14:00:08.705 INFO  o.s.b.web.servlet.RegistrationBean [110] - Servlet statViewServlet was not registered (possibly already registered?)
14:00:08.710 INFO  o.s.b.web.servlet.RegistrationBean [110] - Filter webStatFilter was not registered (possibly already registered?)
14:00:09.414 INFO  c.alibaba.druid.pool.DruidDataSource [930] - {dataSource-1} inited
14:00:10.201 INFO  o.s.b.d.a.OptionalLiveReloadServer [57] - LiveReload server is running on port 35729
14:00:10.492 INFO  o.h.jpa.internal.util.LogHelper [31] - HHH000204: Processing PersistenceUnitInfo [
	name: default
	...]
14:00:10.610 INFO  org.hibernate.Version [46] - HHH000412: Hibernate Core {5.3.11.Final}
14:00:10.613 INFO  org.hibernate.cfg.Environment [213] - HHH000206: hibernate.properties not found
14:00:10.866 INFO  o.h.annotations.common.Version [49] - HCANN000001: Hibernate Commons Annotations {5.0.4.Final}
14:00:11.210 INFO  org.hibernate.dialect.Dialect [157] - HHH000400: Using dialect: org.hibernate.dialect.MySQL5Dialect
14:00:12.269 INFO  o.s.o.j.LocalContainerEntityManagerFactoryBean [415] - Initialized JPA EntityManagerFactory for persistence unit 'default'
14:00:12.645 INFO  o.s.s.c.ThreadPoolTaskScheduler [171] - Initializing ExecutorService 'threadPoolTaskScheduler'
14:00:12.647 INFO  com.cmos.bj.ngtask.config.TaskConfig [48] - 开始注册所有任务……
14:00:12.723 INFO  o.h.h.i.QueryTranslatorFactoryInitiator [47] - HHH000397: Using ASTQueryTranslatorFactory
14:00:12.964 INFO  com.cmos.bj.ngtask.utils.TaskUtils [56] - 添加任务成功：100
14:00:12.965 INFO  com.cmos.bj.ngtask.config.TaskConfig [83] - 100任务添加成功
14:00:12.966 INFO  com.cmos.bj.ngtask.utils.TaskUtils [56] - 添加任务成功：154
14:00:12.966 INFO  com.cmos.bj.ngtask.config.TaskConfig [83] - 154任务添加成功
14:00:12.989 INFO  com.cmos.bj.ngtask.utils.TaskUtils [56] - 添加任务成功：deleteFileTest
14:00:12.990 INFO  com.cmos.bj.ngtask.config.TaskConfig [83] - deleteFileTest任务添加成功
14:00:13.486 WARN  o.s.b.a.o.j.JpaBaseConfiguration$JpaWebConfiguration$JpaWebMvcConfiguration [226] - spring.jpa.open-in-view is enabled by default. Therefore, database queries may be performed during view rendering. Explicitly configure spring.jpa.open-in-view to disable this warning
14:00:13.832 INFO  o.s.b.a.w.s.WelcomePageHandlerMapping [58] - Adding welcome page template: index
14:00:13.899 WARN  o.t.templatemode.TemplateMode [150] - [THYMELEAF][restartedMain] Template Mode 'HTML5' is deprecated. Using Template Mode 'HTML' instead.
14:00:14.348 INFO  o.a.coyote.http11.Http11NioProtocol [173] - Starting ProtocolHandler ["http-nio-8001"]
14:00:14.387 INFO  o.s.b.w.e.tomcat.TomcatWebServer [202] - Tomcat started on port(s): 8001 (http) with context path ''
14:00:14.392 INFO  com.cmos.bj.ngtask.TaskApplication [59] - Started TaskApplication in 11.72 seconds (JVM running for 15.029)
14:00:55.147 INFO  o.a.c.c.C.[Tomcat].[localhost].[/] [173] - Initializing Spring DispatcherServlet 'dispatcherServlet'
14:00:55.147 INFO  o.s.web.servlet.DispatcherServlet [524] - Initializing Servlet 'dispatcherServlet'
14:00:55.168 INFO  o.s.web.servlet.DispatcherServlet [546] - Completed initialization in 20 ms
14:01:00.088 INFO  com.cmos.bj.ngtask.task.AbsSftpTask [38] - 154任务已停用，如要启用请修改配置。
14:01:00.113 INFO  c.c.b.n.t.i.f.DeleteLocalFileTaskImpl [53] - deleteFileTest任务已停用，如要启用请修改配置。
14:01:00.121 INFO  com.cmos.bj.ngtask.task.AbsSftpTask [38] - 100任务已停用，如要启用请修改配置。
14:02:00.013 INFO  c.c.b.n.t.i.f.DeleteLocalFileTaskImpl [53] - deleteFileTest任务已停用，如要启用请修改配置。
14:02:00.030 INFO  com.cmos.bj.ngtask.task.AbsSftpTask [38] - 100任务已停用，如要启用请修改配置。
14:02:00.101 INFO  com.cmos.bj.ngtask.task.AbsSftpTask [38] - 154任务已停用，如要启用请修改配置。
14:03:00.022 INFO  c.c.b.n.t.i.f.DeleteLocalFileTaskImpl [53] - deleteFileTest任务已停用，如要启用请修改配置。
14:03:00.041 INFO  com.cmos.bj.ngtask.task.AbsSftpTask [38] - 154任务已停用，如要启用请修改配置。
14:03:00.047 INFO  com.cmos.bj.ngtask.task.AbsSftpTask [38] - 100任务已停用，如要启用请修改配置。
14:04:00.010 INFO  com.cmos.bj.ngtask.task.AbsSftpTask [38] - 100任务已停用，如要启用请修改配置。
14:04:00.010 INFO  c.c.b.n.t.i.f.DeleteLocalFileTaskImpl [53] - deleteFileTest任务已停用，如要启用请修改配置。
14:04:00.033 INFO  com.cmos.bj.ngtask.task.AbsSftpTask [38] - 154任务已停用，如要启用请修改配置。
14:05:00.012 INFO  com.cmos.bj.ngtask.task.AbsSftpTask [38] - 154任务已停用，如要启用请修改配置。
14:05:00.014 INFO  com.cmos.bj.ngtask.task.AbsSftpTask [38] - 100任务已停用，如要启用请修改配置。
14:05:00.021 INFO  c.c.b.n.t.i.f.DeleteLocalFileTaskImpl [53] - deleteFileTest任务已停用，如要启用请修改配置。
14:06:00.011 INFO  com.cmos.bj.ngtask.task.AbsSftpTask [38] - 100任务已停用，如要启用请修改配置。
14:06:00.011 INFO  com.cmos.bj.ngtask.task.AbsSftpTask [38] - 154任务已停用，如要启用请修改配置。
14:06:00.020 INFO  c.c.b.n.t.i.f.DeleteLocalFileTaskImpl [53] - deleteFileTest任务已停用，如要启用请修改配置。
14:07:00.011 INFO  c.c.b.n.t.i.f.DeleteLocalFileTaskImpl [53] - deleteFileTest任务已停用，如要启用请修改配置。
14:07:00.015 INFO  com.cmos.bj.ngtask.task.AbsSftpTask [38] - 100任务已停用，如要启用请修改配置。
14:07:00.015 INFO  com.cmos.bj.ngtask.task.AbsSftpTask [38] - 154任务已停用，如要启用请修改配置。
14:08:00.013 INFO  com.cmos.bj.ngtask.task.AbsSftpTask [38] - 154任务已停用，如要启用请修改配置。
14:08:00.013 INFO  c.c.b.n.t.i.f.DeleteLocalFileTaskImpl [53] - deleteFileTest任务已停用，如要启用请修改配置。
14:08:00.030 INFO  com.cmos.bj.ngtask.task.AbsSftpTask [38] - 100任务已停用，如要启用请修改配置。
14:09:00.013 INFO  com.cmos.bj.ngtask.task.AbsSftpTask [38] - 154任务已停用，如要启用请修改配置。
14:09:00.013 INFO  com.cmos.bj.ngtask.task.AbsSftpTask [38] - 100任务已停用，如要启用请修改配置。
14:09:00.019 INFO  c.c.b.n.t.i.f.DeleteLocalFileTaskImpl [53] - deleteFileTest任务已停用，如要启用请修改配置。
14:10:00.008 INFO  com.cmos.bj.ngtask.task.AbsSftpTask [38] - 154任务已停用，如要启用请修改配置。
14:10:00.008 INFO  com.cmos.bj.ngtask.task.AbsSftpTask [38] - 100任务已停用，如要启用请修改配置。
14:10:00.008 INFO  c.c.b.n.t.i.f.DeleteLocalFileTaskImpl [53] - deleteFileTest任务已停用，如要启用请修改配置。
14:11:00.011 INFO  com.cmos.bj.ngtask.task.AbsSftpTask [38] - 100任务已停用，如要启用请修改配置。
14:11:00.012 INFO  c.c.b.n.t.i.f.DeleteLocalFileTaskImpl [53] - deleteFileTest任务已停用，如要启用请修改配置。
14:11:00.015 INFO  com.cmos.bj.ngtask.task.AbsSftpTask [38] - 154任务已停用，如要启用请修改配置。
14:12:00.010 INFO  com.cmos.bj.ngtask.task.AbsSftpTask [38] - 100任务已停用，如要启用请修改配置。
14:12:00.010 INFO  c.c.b.n.t.i.f.DeleteLocalFileTaskImpl [53] - deleteFileTest任务已停用，如要启用请修改配置。
14:12:00.011 INFO  com.cmos.bj.ngtask.task.AbsSftpTask [38] - 154任务已停用，如要启用请修改配置。
14:13:00.023 INFO  com.cmos.bj.ngtask.task.AbsSftpTask [38] - 100任务已停用，如要启用请修改配置。
14:13:00.026 INFO  com.cmos.bj.ngtask.task.AbsSftpTask [38] - 154任务已停用，如要启用请修改配置。
14:13:00.026 INFO  c.c.b.n.t.i.f.DeleteLocalFileTaskImpl [53] - deleteFileTest任务已停用，如要启用请修改配置。
14:14:00.008 INFO  c.c.b.n.t.i.f.DeleteLocalFileTaskImpl [53] - deleteFileTest任务已停用，如要启用请修改配置。
14:14:00.008 INFO  com.cmos.bj.ngtask.task.AbsSftpTask [38] - 154任务已停用，如要启用请修改配置。
14:14:00.011 INFO  com.cmos.bj.ngtask.task.AbsSftpTask [38] - 100任务已停用，如要启用请修改配置。
14:15:00.010 INFO  com.cmos.bj.ngtask.task.AbsSftpTask [38] - 154任务已停用，如要启用请修改配置。
14:15:00.010 INFO  com.cmos.bj.ngtask.task.AbsSftpTask [38] - 100任务已停用，如要启用请修改配置。
14:15:00.010 INFO  c.c.b.n.t.i.f.DeleteLocalFileTaskImpl [53] - deleteFileTest任务已停用，如要启用请修改配置。
14:16:00.009 INFO  com.cmos.bj.ngtask.task.AbsSftpTask [38] - 154任务已停用，如要启用请修改配置。
14:16:00.009 INFO  c.c.b.n.t.i.f.DeleteLocalFileTaskImpl [53] - deleteFileTest任务已停用，如要启用请修改配置。
14:16:00.011 INFO  com.cmos.bj.ngtask.task.AbsSftpTask [38] - 100任务已停用，如要启用请修改配置。
14:17:00.008 INFO  com.cmos.bj.ngtask.task.AbsSftpTask [38] - 100任务已停用，如要启用请修改配置。
14:17:00.009 INFO  c.c.b.n.t.i.f.DeleteLocalFileTaskImpl [53] - deleteFileTest任务已停用，如要启用请修改配置。
14:17:00.009 INFO  com.cmos.bj.ngtask.task.AbsSftpTask [38] - 154任务已停用，如要启用请修改配置。
14:18:00.009 INFO  c.c.b.n.t.i.f.DeleteLocalFileTaskImpl [53] - deleteFileTest任务已停用，如要启用请修改配置。
14:18:00.010 INFO  com.cmos.bj.ngtask.task.AbsSftpTask [38] - 154任务已停用，如要启用请修改配置。
14:18:00.009 INFO  com.cmos.bj.ngtask.task.AbsSftpTask [38] - 100任务已停用，如要启用请修改配置。
14:19:00.010 INFO  com.cmos.bj.ngtask.task.AbsSftpTask [38] - 154任务已停用，如要启用请修改配置。
14:19:00.010 INFO  com.cmos.bj.ngtask.task.AbsSftpTask [38] - 100任务已停用，如要启用请修改配置。
14:19:00.010 INFO  c.c.b.n.t.i.f.DeleteLocalFileTaskImpl [53] - deleteFileTest任务已停用，如要启用请修改配置。
14:20:00.007 INFO  com.cmos.bj.ngtask.task.AbsSftpTask [38] - 100任务已停用，如要启用请修改配置。
14:20:00.007 INFO  c.c.b.n.t.i.f.DeleteLocalFileTaskImpl [53] - deleteFileTest任务已停用，如要启用请修改配置。
14:20:00.007 INFO  com.cmos.bj.ngtask.task.AbsSftpTask [38] - 154任务已停用，如要启用请修改配置。
14:21:00.008 INFO  com.cmos.bj.ngtask.task.AbsSftpTask [38] - 154任务已停用，如要启用请修改配置。
14:21:00.008 INFO  com.cmos.bj.ngtask.task.AbsSftpTask [38] - 100任务已停用，如要启用请修改配置。
14:21:00.013 INFO  c.c.b.n.t.i.f.DeleteLocalFileTaskImpl [53] - deleteFileTest任务已停用，如要启用请修改配置。
14:22:00.007 INFO  com.cmos.bj.ngtask.task.AbsSftpTask [38] - 154任务已停用，如要启用请修改配置。
14:22:00.007 INFO  com.cmos.bj.ngtask.task.AbsSftpTask [38] - 100任务已停用，如要启用请修改配置。
14:22:00.011 INFO  c.c.b.n.t.i.f.DeleteLocalFileTaskImpl [53] - deleteFileTest任务已停用，如要启用请修改配置。
14:23:00.009 INFO  com.cmos.bj.ngtask.task.AbsSftpTask [38] - 154任务已停用，如要启用请修改配置。
14:23:00.009 INFO  c.c.b.n.t.i.f.DeleteLocalFileTaskImpl [53] - deleteFileTest任务已停用，如要启用请修改配置。
14:23:00.009 INFO  com.cmos.bj.ngtask.task.AbsSftpTask [38] - 100任务已停用，如要启用请修改配置。
14:24:00.007 INFO  c.c.b.n.t.i.f.DeleteLocalFileTaskImpl [53] - deleteFileTest任务已停用，如要启用请修改配置。
14:24:00.008 INFO  com.cmos.bj.ngtask.task.AbsSftpTask [38] - 154任务已停用，如要启用请修改配置。
14:24:00.014 INFO  com.cmos.bj.ngtask.task.AbsSftpTask [38] - 100任务已停用，如要启用请修改配置。
14:25:00.009 INFO  com.cmos.bj.ngtask.task.AbsSftpTask [38] - 100任务已停用，如要启用请修改配置。
14:25:00.016 INFO  c.c.b.n.t.i.f.DeleteLocalFileTaskImpl [53] - deleteFileTest任务已停用，如要启用请修改配置。
14:25:00.028 INFO  com.cmos.bj.ngtask.task.AbsSftpTask [38] - 154任务已停用，如要启用请修改配置。
14:26:00.008 INFO  com.cmos.bj.ngtask.task.AbsSftpTask [38] - 154任务已停用，如要启用请修改配置。
14:26:00.011 INFO  com.cmos.bj.ngtask.task.AbsSftpTask [38] - 100任务已停用，如要启用请修改配置。
14:26:00.011 INFO  c.c.b.n.t.i.f.DeleteLocalFileTaskImpl [53] - deleteFileTest任务已停用，如要启用请修改配置。
14:27:00.010 INFO  com.cmos.bj.ngtask.task.AbsSftpTask [38] - 100任务已停用，如要启用请修改配置。
14:27:00.011 INFO  c.c.b.n.t.i.f.DeleteLocalFileTaskImpl [53] - deleteFileTest任务已停用，如要启用请修改配置。
14:27:00.040 INFO  com.cmos.bj.ngtask.task.AbsSftpTask [38] - 154任务已停用，如要启用请修改配置。
14:28:00.007 INFO  com.cmos.bj.ngtask.task.AbsSftpTask [38] - 154任务已停用，如要启用请修改配置。
14:28:00.007 INFO  com.cmos.bj.ngtask.task.AbsSftpTask [38] - 100任务已停用，如要启用请修改配置。
14:28:00.014 INFO  c.c.b.n.t.i.f.DeleteLocalFileTaskImpl [53] - deleteFileTest任务已停用，如要启用请修改配置。
14:29:00.007 INFO  c.c.b.n.t.i.f.DeleteLocalFileTaskImpl [53] - deleteFileTest任务已停用，如要启用请修改配置。
14:29:00.009 INFO  com.cmos.bj.ngtask.task.AbsSftpTask [38] - 154任务已停用，如要启用请修改配置。
14:29:00.010 INFO  com.cmos.bj.ngtask.task.AbsSftpTask [38] - 100任务已停用，如要启用请修改配置。
14:30:00.010 INFO  com.cmos.bj.ngtask.task.AbsSftpTask [38] - 100任务已停用，如要启用请修改配置。
14:30:00.010 INFO  c.c.b.n.t.i.f.DeleteLocalFileTaskImpl [53] - deleteFileTest任务已停用，如要启用请修改配置。
14:30:00.010 INFO  com.cmos.bj.ngtask.task.AbsSftpTask [38] - 154任务已停用，如要启用请修改配置。
14:31:00.010 INFO  com.cmos.bj.ngtask.task.AbsSftpTask [38] - 100任务已停用，如要启用请修改配置。
14:31:00.010 INFO  c.c.b.n.t.i.f.DeleteLocalFileTaskImpl [53] - deleteFileTest任务已停用，如要启用请修改配置。
14:31:00.011 INFO  com.cmos.bj.ngtask.task.AbsSftpTask [38] - 154任务已停用，如要启用请修改配置。
14:32:00.009 INFO  com.cmos.bj.ngtask.task.AbsSftpTask [38] - 100任务已停用，如要启用请修改配置。
14:32:00.009 INFO  com.cmos.bj.ngtask.task.AbsSftpTask [38] - 154任务已停用，如要启用请修改配置。
14:32:00.017 INFO  c.c.b.n.t.i.f.DeleteLocalFileTaskImpl [53] - deleteFileTest任务已停用，如要启用请修改配置。
14:33:00.008 INFO  com.cmos.bj.ngtask.task.AbsSftpTask [38] - 154任务已停用，如要启用请修改配置。
14:33:00.008 INFO  c.c.b.n.t.i.f.DeleteLocalFileTaskImpl [53] - deleteFileTest任务已停用，如要启用请修改配置。
14:33:00.008 INFO  com.cmos.bj.ngtask.task.AbsSftpTask [38] - 100任务已停用，如要启用请修改配置。
14:34:00.009 INFO  com.cmos.bj.ngtask.task.AbsSftpTask [38] - 154任务已停用，如要启用请修改配置。
14:34:00.009 INFO  c.c.b.n.t.i.f.DeleteLocalFileTaskImpl [53] - deleteFileTest任务已停用，如要启用请修改配置。
14:34:00.013 INFO  com.cmos.bj.ngtask.task.AbsSftpTask [38] - 100任务已停用，如要启用请修改配置。
14:35:00.009 INFO  com.cmos.bj.ngtask.task.AbsSftpTask [38] - 100任务已停用，如要启用请修改配置。
14:35:00.009 INFO  c.c.b.n.t.i.f.DeleteLocalFileTaskImpl [53] - deleteFileTest任务已停用，如要启用请修改配置。
14:35:00.009 INFO  com.cmos.bj.ngtask.task.AbsSftpTask [38] - 154任务已停用，如要启用请修改配置。
14:36:00.008 INFO  com.cmos.bj.ngtask.task.AbsSftpTask [38] - 154任务已停用，如要启用请修改配置。
14:36:00.008 INFO  com.cmos.bj.ngtask.task.AbsSftpTask [38] - 100任务已停用，如要启用请修改配置。
14:36:00.008 INFO  c.c.b.n.t.i.f.DeleteLocalFileTaskImpl [53] - deleteFileTest任务已停用，如要启用请修改配置。
14:37:00.008 INFO  com.cmos.bj.ngtask.task.AbsSftpTask [38] - 154任务已停用，如要启用请修改配置。
14:37:00.008 INFO  c.c.b.n.t.i.f.DeleteLocalFileTaskImpl [53] - deleteFileTest任务已停用，如要启用请修改配置。
14:37:00.015 INFO  com.cmos.bj.ngtask.task.AbsSftpTask [38] - 100任务已停用，如要启用请修改配置。
14:38:00.007 INFO  com.cmos.bj.ngtask.task.AbsSftpTask [38] - 154任务已停用，如要启用请修改配置。
14:38:00.007 INFO  c.c.b.n.t.i.f.DeleteLocalFileTaskImpl [53] - deleteFileTest任务已停用，如要启用请修改配置。
14:38:00.010 INFO  com.cmos.bj.ngtask.task.AbsSftpTask [38] - 100任务已停用，如要启用请修改配置。
14:39:00.009 INFO  c.c.b.n.t.i.f.DeleteLocalFileTaskImpl [53] - deleteFileTest任务已停用，如要启用请修改配置。
14:39:00.009 INFO  com.cmos.bj.ngtask.task.AbsSftpTask [38] - 100任务已停用，如要启用请修改配置。
14:39:00.009 INFO  com.cmos.bj.ngtask.task.AbsSftpTask [38] - 154任务已停用，如要启用请修改配置。
14:40:00.008 INFO  com.cmos.bj.ngtask.task.AbsSftpTask [38] - 100任务已停用，如要启用请修改配置。
14:40:00.008 INFO  c.c.b.n.t.i.f.DeleteLocalFileTaskImpl [53] - deleteFileTest任务已停用，如要启用请修改配置。
14:40:00.008 INFO  com.cmos.bj.ngtask.task.AbsSftpTask [38] - 154任务已停用，如要启用请修改配置。
14:41:00.009 INFO  com.cmos.bj.ngtask.task.AbsSftpTask [38] - 154任务已停用，如要启用请修改配置。
14:41:00.009 INFO  c.c.b.n.t.i.f.DeleteLocalFileTaskImpl [53] - deleteFileTest任务已停用，如要启用请修改配置。
14:41:00.009 INFO  com.cmos.bj.ngtask.task.AbsSftpTask [38] - 100任务已停用，如要启用请修改配置。
14:42:00.007 INFO  com.cmos.bj.ngtask.task.AbsSftpTask [38] - 154任务已停用，如要启用请修改配置。
14:42:00.007 INFO  c.c.b.n.t.i.f.DeleteLocalFileTaskImpl [53] - deleteFileTest任务已停用，如要启用请修改配置。
14:42:00.007 INFO  com.cmos.bj.ngtask.task.AbsSftpTask [38] - 100任务已停用，如要启用请修改配置。
14:43:00.008 INFO  com.cmos.bj.ngtask.task.AbsSftpTask [38] - 154任务已停用，如要启用请修改配置。
14:43:00.008 INFO  com.cmos.bj.ngtask.task.AbsSftpTask [38] - 100任务已停用，如要启用请修改配置。
14:43:00.008 INFO  c.c.b.n.t.i.f.DeleteLocalFileTaskImpl [53] - deleteFileTest任务已停用，如要启用请修改配置。
14:44:00.007 INFO  com.cmos.bj.ngtask.task.AbsSftpTask [38] - 100任务已停用，如要启用请修改配置。
14:44:00.007 INFO  c.c.b.n.t.i.f.DeleteLocalFileTaskImpl [53] - deleteFileTest任务已停用，如要启用请修改配置。
14:44:00.007 INFO  com.cmos.bj.ngtask.task.AbsSftpTask [38] - 154任务已停用，如要启用请修改配置。
14:45:00.009 INFO  com.cmos.bj.ngtask.task.AbsSftpTask [38] - 100任务已停用，如要启用请修改配置。
14:45:00.009 INFO  com.cmos.bj.ngtask.task.AbsSftpTask [38] - 154任务已停用，如要启用请修改配置。
14:45:00.013 INFO  c.c.b.n.t.i.f.DeleteLocalFileTaskImpl [53] - deleteFileTest任务已停用，如要启用请修改配置。
14:46:00.008 INFO  com.cmos.bj.ngtask.task.AbsSftpTask [38] - 154任务已停用，如要启用请修改配置。
14:46:00.008 INFO  c.c.b.n.t.i.f.DeleteLocalFileTaskImpl [53] - deleteFileTest任务已停用，如要启用请修改配置。
14:46:00.009 INFO  com.cmos.bj.ngtask.task.AbsSftpTask [38] - 100任务已停用，如要启用请修改配置。
14:47:00.009 INFO  com.cmos.bj.ngtask.task.AbsSftpTask [38] - 100任务已停用，如要启用请修改配置。
14:47:00.009 INFO  c.c.b.n.t.i.f.DeleteLocalFileTaskImpl [53] - deleteFileTest任务已停用，如要启用请修改配置。
14:47:00.013 INFO  com.cmos.bj.ngtask.task.AbsSftpTask [38] - 154任务已停用，如要启用请修改配置。
14:48:00.008 INFO  com.cmos.bj.ngtask.task.AbsSftpTask [38] - 100任务已停用，如要启用请修改配置。
14:48:00.008 INFO  c.c.b.n.t.i.f.DeleteLocalFileTaskImpl [53] - deleteFileTest任务已停用，如要启用请修改配置。
14:48:00.013 INFO  com.cmos.bj.ngtask.task.AbsSftpTask [38] - 154任务已停用，如要启用请修改配置。
14:49:00.007 INFO  c.c.b.n.t.i.f.DeleteLocalFileTaskImpl [53] - deleteFileTest任务已停用，如要启用请修改配置。
14:49:00.008 INFO  com.cmos.bj.ngtask.task.AbsSftpTask [38] - 154任务已停用，如要启用请修改配置。
14:49:00.014 INFO  com.cmos.bj.ngtask.task.AbsSftpTask [38] - 100任务已停用，如要启用请修改配置。
14:50:00.011 INFO  com.cmos.bj.ngtask.task.AbsSftpTask [38] - 154任务已停用，如要启用请修改配置。
14:50:00.030 INFO  c.c.b.n.t.i.f.DeleteLocalFileTaskImpl [53] - deleteFileTest任务已停用，如要启用请修改配置。
14:50:00.033 INFO  com.cmos.bj.ngtask.task.AbsSftpTask [38] - 100任务已停用，如要启用请修改配置。
14:51:00.006 INFO  com.cmos.bj.ngtask.task.AbsSftpTask [38] - 154任务已停用，如要启用请修改配置。
14:51:00.006 INFO  c.c.b.n.t.i.f.DeleteLocalFileTaskImpl [53] - deleteFileTest任务已停用，如要启用请修改配置。
14:51:00.007 INFO  com.cmos.bj.ngtask.task.AbsSftpTask [38] - 100任务已停用，如要启用请修改配置。
14:52:00.008 INFO  com.cmos.bj.ngtask.task.AbsSftpTask [38] - 154任务已停用，如要启用请修改配置。
14:52:00.008 INFO  c.c.b.n.t.i.f.DeleteLocalFileTaskImpl [53] - deleteFileTest任务已停用，如要启用请修改配置。
14:52:00.008 INFO  com.cmos.bj.ngtask.task.AbsSftpTask [38] - 100任务已停用，如要启用请修改配置。
14:53:00.008 INFO  com.cmos.bj.ngtask.task.AbsSftpTask [38] - 154任务已停用，如要启用请修改配置。
14:53:00.008 INFO  c.c.b.n.t.i.f.DeleteLocalFileTaskImpl [53] - deleteFileTest任务已停用，如要启用请修改配置。
14:53:00.008 INFO  com.cmos.bj.ngtask.task.AbsSftpTask [38] - 100任务已停用，如要启用请修改配置。
14:54:00.007 INFO  c.c.b.n.t.i.f.DeleteLocalFileTaskImpl [53] - deleteFileTest任务已停用，如要启用请修改配置。
14:54:00.007 INFO  com.cmos.bj.ngtask.task.AbsSftpTask [38] - 154任务已停用，如要启用请修改配置。
14:54:00.010 INFO  com.cmos.bj.ngtask.task.AbsSftpTask [38] - 100任务已停用，如要启用请修改配置。
14:55:00.007 INFO  com.cmos.bj.ngtask.task.AbsSftpTask [38] - 154任务已停用，如要启用请修改配置。
14:55:00.007 INFO  c.c.b.n.t.i.f.DeleteLocalFileTaskImpl [53] - deleteFileTest任务已停用，如要启用请修改配置。
14:55:00.008 INFO  com.cmos.bj.ngtask.task.AbsSftpTask [38] - 100任务已停用，如要启用请修改配置。
14:56:00.008 INFO  c.c.b.n.t.i.f.DeleteLocalFileTaskImpl [53] - deleteFileTest任务已停用，如要启用请修改配置。
14:56:00.008 INFO  com.cmos.bj.ngtask.task.AbsSftpTask [38] - 154任务已停用，如要启用请修改配置。
14:56:00.013 INFO  com.cmos.bj.ngtask.task.AbsSftpTask [38] - 100任务已停用，如要启用请修改配置。
14:57:00.006 INFO  c.c.b.n.t.i.f.DeleteLocalFileTaskImpl [53] - deleteFileTest任务已停用，如要启用请修改配置。
14:57:00.006 INFO  com.cmos.bj.ngtask.task.AbsSftpTask [38] - 100任务已停用，如要启用请修改配置。
14:57:00.006 INFO  com.cmos.bj.ngtask.task.AbsSftpTask [38] - 154任务已停用，如要启用请修改配置。
14:58:00.007 INFO  com.cmos.bj.ngtask.task.AbsSftpTask [38] - 100任务已停用，如要启用请修改配置。
14:58:00.007 INFO  com.cmos.bj.ngtask.task.AbsSftpTask [38] - 154任务已停用，如要启用请修改配置。
14:58:00.010 INFO  c.c.b.n.t.i.f.DeleteLocalFileTaskImpl [53] - deleteFileTest任务已停用，如要启用请修改配置。
14:59:00.006 INFO  com.cmos.bj.ngtask.task.AbsSftpTask [38] - 100任务已停用，如要启用请修改配置。
14:59:00.006 INFO  c.c.b.n.t.i.f.DeleteLocalFileTaskImpl [53] - deleteFileTest任务已停用，如要启用请修改配置。
14:59:00.006 INFO  com.cmos.bj.ngtask.task.AbsSftpTask [38] - 154任务已停用，如要启用请修改配置。
15:00:00.007 INFO  com.cmos.bj.ngtask.task.AbsSftpTask [38] - 100任务已停用，如要启用请修改配置。
15:00:00.007 INFO  c.c.b.n.t.i.f.DeleteLocalFileTaskImpl [53] - deleteFileTest任务已停用，如要启用请修改配置。
15:00:00.010 INFO  com.cmos.bj.ngtask.task.AbsSftpTask [38] - 154任务已停用，如要启用请修改配置。
15:01:00.009 INFO  com.cmos.bj.ngtask.task.AbsSftpTask [38] - 154任务已停用，如要启用请修改配置。
15:01:00.009 INFO  com.cmos.bj.ngtask.task.AbsSftpTask [38] - 100任务已停用，如要启用请修改配置。
15:01:00.009 INFO  c.c.b.n.t.i.f.DeleteLocalFileTaskImpl [53] - deleteFileTest任务已停用，如要启用请修改配置。
15:02:00.008 INFO  com.cmos.bj.ngtask.task.AbsSftpTask [38] - 100任务已停用，如要启用请修改配置。
15:02:00.008 INFO  c.c.b.n.t.i.f.DeleteLocalFileTaskImpl [53] - deleteFileTest任务已停用，如要启用请修改配置。
15:02:00.008 INFO  com.cmos.bj.ngtask.task.AbsSftpTask [38] - 154任务已停用，如要启用请修改配置。
15:03:00.007 INFO  c.c.b.n.t.i.f.DeleteLocalFileTaskImpl [53] - deleteFileTest任务已停用，如要启用请修改配置。
15:03:00.008 INFO  com.cmos.bj.ngtask.task.AbsSftpTask [38] - 100任务已停用，如要启用请修改配置。
15:03:00.014 INFO  com.cmos.bj.ngtask.task.AbsSftpTask [38] - 154任务已停用，如要启用请修改配置。
15:04:00.008 INFO  c.c.b.n.t.i.f.DeleteLocalFileTaskImpl [53] - deleteFileTest任务已停用，如要启用请修改配置。
15:04:00.011 INFO  com.cmos.bj.ngtask.task.AbsSftpTask [38] - 100任务已停用，如要启用请修改配置。
15:04:00.013 INFO  com.cmos.bj.ngtask.task.AbsSftpTask [38] - 154任务已停用，如要启用请修改配置。
15:05:00.009 INFO  com.cmos.bj.ngtask.task.AbsSftpTask [38] - 154任务已停用，如要启用请修改配置。
15:05:00.009 INFO  com.cmos.bj.ngtask.task.AbsSftpTask [38] - 100任务已停用，如要启用请修改配置。
15:05:00.301 INFO  c.c.b.n.t.i.f.DeleteLocalFileTaskImpl [53] - deleteFileTest任务已停用，如要启用请修改配置。
15:06:00.007 INFO  c.c.b.n.t.i.f.DeleteLocalFileTaskImpl [53] - deleteFileTest任务已停用，如要启用请修改配置。
15:06:00.009 INFO  com.cmos.bj.ngtask.task.AbsSftpTask [38] - 100任务已停用，如要启用请修改配置。
15:06:00.014 INFO  com.cmos.bj.ngtask.task.AbsSftpTask [38] - 154任务已停用，如要启用请修改配置。
15:07:00.008 INFO  com.cmos.bj.ngtask.task.AbsSftpTask [38] - 154任务已停用，如要启用请修改配置。
15:07:00.008 INFO  c.c.b.n.t.i.f.DeleteLocalFileTaskImpl [53] - deleteFileTest任务已停用，如要启用请修改配置。
15:07:00.014 INFO  com.cmos.bj.ngtask.task.AbsSftpTask [38] - 100任务已停用，如要启用请修改配置。
15:08:00.008 INFO  c.c.b.n.t.i.f.DeleteLocalFileTaskImpl [53] - deleteFileTest任务已停用，如要启用请修改配置。
15:08:00.009 INFO  com.cmos.bj.ngtask.task.AbsSftpTask [38] - 100任务已停用，如要启用请修改配置。
15:08:00.012 INFO  com.cmos.bj.ngtask.task.AbsSftpTask [38] - 154任务已停用，如要启用请修改配置。
15:09:00.007 INFO  com.cmos.bj.ngtask.task.AbsSftpTask [38] - 154任务已停用，如要启用请修改配置。
15:09:00.007 INFO  com.cmos.bj.ngtask.task.AbsSftpTask [38] - 100任务已停用，如要启用请修改配置。
15:09:00.012 INFO  c.c.b.n.t.i.f.DeleteLocalFileTaskImpl [53] - deleteFileTest任务已停用，如要启用请修改配置。
15:10:00.010 INFO  c.c.b.n.t.i.f.DeleteLocalFileTaskImpl [53] - deleteFileTest任务已停用，如要启用请修改配置。
15:10:00.017 INFO  com.cmos.bj.ngtask.task.AbsSftpTask [38] - 100任务已停用，如要启用请修改配置。
15:10:00.050 INFO  com.cmos.bj.ngtask.task.AbsSftpTask [38] - 154任务已停用，如要启用请修改配置。
15:11:00.008 INFO  c.c.b.n.t.i.f.DeleteLocalFileTaskImpl [53] - deleteFileTest任务已停用，如要启用请修改配置。
15:11:00.011 INFO  com.cmos.bj.ngtask.task.AbsSftpTask [38] - 100任务已停用，如要启用请修改配置。
15:11:00.011 INFO  com.cmos.bj.ngtask.task.AbsSftpTask [38] - 154任务已停用，如要启用请修改配置。
15:12:00.006 INFO  com.cmos.bj.ngtask.task.AbsSftpTask [38] - 154任务已停用，如要启用请修改配置。
15:12:00.006 INFO  com.cmos.bj.ngtask.task.AbsSftpTask [38] - 100任务已停用，如要启用请修改配置。
15:12:00.008 INFO  c.c.b.n.t.i.f.DeleteLocalFileTaskImpl [53] - deleteFileTest任务已停用，如要启用请修改配置。
15:13:00.007 INFO  com.cmos.bj.ngtask.task.AbsSftpTask [38] - 100任务已停用，如要启用请修改配置。
15:13:00.007 INFO  com.cmos.bj.ngtask.task.AbsSftpTask [38] - 154任务已停用，如要启用请修改配置。
15:13:00.010 INFO  c.c.b.n.t.i.f.DeleteLocalFileTaskImpl [53] - deleteFileTest任务已停用，如要启用请修改配置。
15:14:00.008 INFO  com.cmos.bj.ngtask.task.AbsSftpTask [38] - 100任务已停用，如要启用请修改配置。
15:14:00.009 INFO  com.cmos.bj.ngtask.task.AbsSftpTask [38] - 154任务已停用，如要启用请修改配置。
15:14:00.011 INFO  c.c.b.n.t.i.f.DeleteLocalFileTaskImpl [53] - deleteFileTest任务已停用，如要启用请修改配置。
15:15:00.007 INFO  com.cmos.bj.ngtask.task.AbsSftpTask [38] - 100任务已停用，如要启用请修改配置。
15:15:00.008 INFO  com.cmos.bj.ngtask.task.AbsSftpTask [38] - 154任务已停用，如要启用请修改配置。
15:15:00.012 INFO  c.c.b.n.t.i.f.DeleteLocalFileTaskImpl [53] - deleteFileTest任务已停用，如要启用请修改配置。
15:16:00.006 INFO  com.cmos.bj.ngtask.task.AbsSftpTask [38] - 154任务已停用，如要启用请修改配置。
15:16:00.006 INFO  c.c.b.n.t.i.f.DeleteLocalFileTaskImpl [53] - deleteFileTest任务已停用，如要启用请修改配置。
15:16:00.006 INFO  com.cmos.bj.ngtask.task.AbsSftpTask [38] - 100任务已停用，如要启用请修改配置。
15:17:00.005 INFO  com.cmos.bj.ngtask.task.AbsSftpTask [38] - 100任务已停用，如要启用请修改配置。
15:17:00.005 INFO  c.c.b.n.t.i.f.DeleteLocalFileTaskImpl [53] - deleteFileTest任务已停用，如要启用请修改配置。
15:17:00.005 INFO  com.cmos.bj.ngtask.task.AbsSftpTask [38] - 154任务已停用，如要启用请修改配置。
15:18:00.008 INFO  com.cmos.bj.ngtask.task.AbsSftpTask [38] - 100任务已停用，如要启用请修改配置。
15:18:00.008 INFO  com.cmos.bj.ngtask.task.AbsSftpTask [38] - 154任务已停用，如要启用请修改配置。
15:18:00.008 INFO  c.c.b.n.t.i.f.DeleteLocalFileTaskImpl [53] - deleteFileTest任务已停用，如要启用请修改配置。
15:19:00.008 INFO  com.cmos.bj.ngtask.task.AbsSftpTask [38] - 154任务已停用，如要启用请修改配置。
15:19:00.008 INFO  c.c.b.n.t.i.f.DeleteLocalFileTaskImpl [53] - deleteFileTest任务已停用，如要启用请修改配置。
15:19:00.008 INFO  com.cmos.bj.ngtask.task.AbsSftpTask [38] - 100任务已停用，如要启用请修改配置。
15:20:00.007 INFO  com.cmos.bj.ngtask.task.AbsSftpTask [38] - 100任务已停用，如要启用请修改配置。
15:20:00.007 INFO  c.c.b.n.t.i.f.DeleteLocalFileTaskImpl [53] - deleteFileTest任务已停用，如要启用请修改配置。
15:20:00.009 INFO  com.cmos.bj.ngtask.task.AbsSftpTask [38] - 154任务已停用，如要启用请修改配置。
15:21:00.006 INFO  com.cmos.bj.ngtask.task.AbsSftpTask [38] - 154任务已停用，如要启用请修改配置。
15:21:00.006 INFO  com.cmos.bj.ngtask.task.AbsSftpTask [38] - 100任务已停用，如要启用请修改配置。
15:21:00.037 INFO  c.c.b.n.t.i.f.DeleteLocalFileTaskImpl [53] - deleteFileTest任务已停用，如要启用请修改配置。
15:22:00.008 INFO  com.cmos.bj.ngtask.task.AbsSftpTask [38] - 100任务已停用，如要启用请修改配置。
15:22:00.008 INFO  com.cmos.bj.ngtask.task.AbsSftpTask [38] - 154任务已停用，如要启用请修改配置。
15:22:00.008 INFO  c.c.b.n.t.i.f.DeleteLocalFileTaskImpl [53] - deleteFileTest任务已停用，如要启用请修改配置。
15:23:00.007 INFO  com.cmos.bj.ngtask.task.AbsSftpTask [38] - 154任务已停用，如要启用请修改配置。
15:23:00.007 INFO  c.c.b.n.t.i.f.DeleteLocalFileTaskImpl [53] - deleteFileTest任务已停用，如要启用请修改配置。
15:23:00.010 INFO  com.cmos.bj.ngtask.task.AbsSftpTask [38] - 100任务已停用，如要启用请修改配置。
15:24:00.006 INFO  com.cmos.bj.ngtask.task.AbsSftpTask [38] - 100任务已停用，如要启用请修改配置。
15:24:00.007 INFO  com.cmos.bj.ngtask.task.AbsSftpTask [38] - 154任务已停用，如要启用请修改配置。
15:24:00.012 INFO  c.c.b.n.t.i.f.DeleteLocalFileTaskImpl [53] - deleteFileTest任务已停用，如要启用请修改配置。
15:25:00.007 INFO  com.cmos.bj.ngtask.task.AbsSftpTask [38] - 154任务已停用，如要启用请修改配置。
15:25:00.009 INFO  com.cmos.bj.ngtask.task.AbsSftpTask [38] - 100任务已停用，如要启用请修改配置。
15:25:00.009 INFO  c.c.b.n.t.i.f.DeleteLocalFileTaskImpl [53] - deleteFileTest任务已停用，如要启用请修改配置。
15:26:00.041 INFO  com.cmos.bj.ngtask.task.AbsSftpTask [38] - 154任务已停用，如要启用请修改配置。
15:26:00.045 INFO  c.c.b.n.t.i.f.DeleteLocalFileTaskImpl [53] - deleteFileTest任务已停用，如要启用请修改配置。
15:26:00.051 INFO  com.cmos.bj.ngtask.task.AbsSftpTask [38] - 100任务已停用，如要启用请修改配置。
15:27:00.007 INFO  com.cmos.bj.ngtask.task.AbsSftpTask [38] - 154任务已停用，如要启用请修改配置。
15:27:00.007 INFO  c.c.b.n.t.i.f.DeleteLocalFileTaskImpl [53] - deleteFileTest任务已停用，如要启用请修改配置。
15:27:00.036 INFO  com.cmos.bj.ngtask.task.AbsSftpTask [38] - 100任务已停用，如要启用请修改配置。
15:28:00.308 INFO  com.cmos.bj.ngtask.task.AbsSftpTask [38] - 154任务已停用，如要启用请修改配置。
15:28:00.371 INFO  com.cmos.bj.ngtask.task.AbsSftpTask [38] - 100任务已停用，如要启用请修改配置。
15:28:00.384 INFO  c.c.b.n.t.i.f.DeleteLocalFileTaskImpl [53] - deleteFileTest任务已停用，如要启用请修改配置。
15:29:00.007 INFO  com.cmos.bj.ngtask.task.AbsSftpTask [38] - 154任务已停用，如要启用请修改配置。
15:29:00.007 INFO  c.c.b.n.t.i.f.DeleteLocalFileTaskImpl [53] - deleteFileTest任务已停用，如要启用请修改配置。
15:29:00.028 INFO  com.cmos.bj.ngtask.task.AbsSftpTask [38] - 100任务已停用，如要启用请修改配置。
15:30:00.007 INFO  com.cmos.bj.ngtask.task.AbsSftpTask [38] - 154任务已停用，如要启用请修改配置。
15:30:00.012 INFO  c.c.b.n.t.i.f.DeleteLocalFileTaskImpl [53] - deleteFileTest任务已停用，如要启用请修改配置。
15:30:00.030 INFO  com.cmos.bj.ngtask.task.AbsSftpTask [38] - 100任务已停用，如要启用请修改配置。
15:31:00.006 INFO  com.cmos.bj.ngtask.task.AbsSftpTask [38] - 154任务已停用，如要启用请修改配置。
15:31:00.007 INFO  c.c.b.n.t.i.f.DeleteLocalFileTaskImpl [53] - deleteFileTest任务已停用，如要启用请修改配置。
15:31:00.007 INFO  com.cmos.bj.ngtask.task.AbsSftpTask [38] - 100任务已停用，如要启用请修改配置。
15:32:00.007 INFO  com.cmos.bj.ngtask.task.AbsSftpTask [38] - 154任务已停用，如要启用请修改配置。
15:32:00.007 INFO  c.c.b.n.t.i.f.DeleteLocalFileTaskImpl [53] - deleteFileTest任务已停用，如要启用请修改配置。
15:32:00.007 INFO  com.cmos.bj.ngtask.task.AbsSftpTask [38] - 100任务已停用，如要启用请修改配置。
15:33:00.008 INFO  com.cmos.bj.ngtask.task.AbsSftpTask [38] - 154任务已停用，如要启用请修改配置。
15:33:00.011 INFO  com.cmos.bj.ngtask.task.AbsSftpTask [38] - 100任务已停用，如要启用请修改配置。
15:33:00.034 INFO  c.c.b.n.t.i.f.DeleteLocalFileTaskImpl [53] - deleteFileTest任务已停用，如要启用请修改配置。
15:34:00.008 INFO  com.cmos.bj.ngtask.task.AbsSftpTask [38] - 154任务已停用，如要启用请修改配置。
15:34:00.008 INFO  c.c.b.n.t.i.f.DeleteLocalFileTaskImpl [53] - deleteFileTest任务已停用，如要启用请修改配置。
15:34:00.008 INFO  com.cmos.bj.ngtask.task.AbsSftpTask [38] - 100任务已停用，如要启用请修改配置。
15:35:00.006 INFO  com.cmos.bj.ngtask.task.AbsSftpTask [38] - 154任务已停用，如要启用请修改配置。
15:35:00.006 INFO  c.c.b.n.t.i.f.DeleteLocalFileTaskImpl [53] - deleteFileTest任务已停用，如要启用请修改配置。
15:35:00.007 INFO  com.cmos.bj.ngtask.task.AbsSftpTask [38] - 100任务已停用，如要启用请修改配置。
15:36:00.035 INFO  com.cmos.bj.ngtask.task.AbsSftpTask [38] - 100任务已停用，如要启用请修改配置。
15:36:00.037 INFO  com.cmos.bj.ngtask.task.AbsSftpTask [38] - 154任务已停用，如要启用请修改配置。
15:36:00.041 INFO  c.c.b.n.t.i.f.DeleteLocalFileTaskImpl [53] - deleteFileTest任务已停用，如要启用请修改配置。
15:37:00.007 INFO  com.cmos.bj.ngtask.task.AbsSftpTask [38] - 100任务已停用，如要启用请修改配置。
15:37:00.007 INFO  c.c.b.n.t.i.f.DeleteLocalFileTaskImpl [53] - deleteFileTest任务已停用，如要启用请修改配置。
15:37:00.039 INFO  com.cmos.bj.ngtask.task.AbsSftpTask [38] - 154任务已停用，如要启用请修改配置。
15:38:00.006 INFO  com.cmos.bj.ngtask.task.AbsSftpTask [38] - 100任务已停用，如要启用请修改配置。
15:38:00.006 INFO  c.c.b.n.t.i.f.DeleteLocalFileTaskImpl [53] - deleteFileTest任务已停用，如要启用请修改配置。
15:38:00.274 INFO  com.cmos.bj.ngtask.task.AbsSftpTask [38] - 154任务已停用，如要启用请修改配置。
15:39:00.006 INFO  c.c.b.n.t.i.f.DeleteLocalFileTaskImpl [53] - deleteFileTest任务已停用，如要启用请修改配置。
15:39:00.006 INFO  com.cmos.bj.ngtask.task.AbsSftpTask [38] - 100任务已停用，如要启用请修改配置。
15:39:00.006 INFO  com.cmos.bj.ngtask.task.AbsSftpTask [38] - 154任务已停用，如要启用请修改配置。
15:40:00.006 INFO  com.cmos.bj.ngtask.task.AbsSftpTask [38] - 154任务已停用，如要启用请修改配置。
15:40:00.006 INFO  c.c.b.n.t.i.f.DeleteLocalFileTaskImpl [53] - deleteFileTest任务已停用，如要启用请修改配置。
15:40:00.007 INFO  com.cmos.bj.ngtask.task.AbsSftpTask [38] - 100任务已停用，如要启用请修改配置。
15:41:00.004 INFO  com.cmos.bj.ngtask.task.AbsSftpTask [38] - 100任务已停用，如要启用请修改配置。
15:41:00.004 INFO  c.c.b.n.t.i.f.DeleteLocalFileTaskImpl [53] - deleteFileTest任务已停用，如要启用请修改配置。
15:41:00.004 INFO  com.cmos.bj.ngtask.task.AbsSftpTask [38] - 154任务已停用，如要启用请修改配置。
15:42:00.007 INFO  com.cmos.bj.ngtask.task.AbsSftpTask [38] - 154任务已停用，如要启用请修改配置。
15:42:00.007 INFO  com.cmos.bj.ngtask.task.AbsSftpTask [38] - 100任务已停用，如要启用请修改配置。
15:42:00.007 INFO  c.c.b.n.t.i.f.DeleteLocalFileTaskImpl [53] - deleteFileTest任务已停用，如要启用请修改配置。
15:43:00.006 INFO  com.cmos.bj.ngtask.task.AbsSftpTask [38] - 100任务已停用，如要启用请修改配置。
15:43:00.006 INFO  c.c.b.n.t.i.f.DeleteLocalFileTaskImpl [53] - deleteFileTest任务已停用，如要启用请修改配置。
15:43:00.006 INFO  com.cmos.bj.ngtask.task.AbsSftpTask [38] - 154任务已停用，如要启用请修改配置。
15:44:00.007 INFO  com.cmos.bj.ngtask.task.AbsSftpTask [38] - 100任务已停用，如要启用请修改配置。
15:44:00.007 INFO  c.c.b.n.t.i.f.DeleteLocalFileTaskImpl [53] - deleteFileTest任务已停用，如要启用请修改配置。
15:44:00.009 INFO  com.cmos.bj.ngtask.task.AbsSftpTask [38] - 154任务已停用，如要启用请修改配置。
15:45:00.005 INFO  com.cmos.bj.ngtask.task.AbsSftpTask [38] - 154任务已停用，如要启用请修改配置。
15:45:00.005 INFO  com.cmos.bj.ngtask.task.AbsSftpTask [38] - 100任务已停用，如要启用请修改配置。
15:45:00.005 INFO  c.c.b.n.t.i.f.DeleteLocalFileTaskImpl [53] - deleteFileTest任务已停用，如要启用请修改配置。
15:46:00.006 INFO  com.cmos.bj.ngtask.task.AbsSftpTask [38] - 154任务已停用，如要启用请修改配置。
15:46:00.006 INFO  com.cmos.bj.ngtask.task.AbsSftpTask [38] - 100任务已停用，如要启用请修改配置。
15:46:00.006 INFO  c.c.b.n.t.i.f.DeleteLocalFileTaskImpl [53] - deleteFileTest任务已停用，如要启用请修改配置。
16:54:09.309 INFO  com.cmos.bj.ngtask.TaskApplication [50] - Starting TaskApplication on Evil with PID 23616 (F:\workspace\idea\ngtask\target\classes started by kongz in F:\workspace\idea\ngtask)
16:54:09.351 INFO  com.cmos.bj.ngtask.TaskApplication [652] - The following profiles are active: dev
16:54:09.426 INFO  o.s.b.d.e.DevToolsPropertyDefaultsPostProcessor [225] - Devtools property defaults active! Set 'spring.devtools.add-properties' to 'false' to disable
16:54:09.426 INFO  o.s.b.d.e.DevToolsPropertyDefaultsPostProcessor [225] - For additional web related logging consider setting the 'logging.level.web' property to 'DEBUG'
16:54:11.790 INFO  o.s.d.r.c.RepositoryConfigurationDelegate [126] - Bootstrapping Spring Data repositories in DEFAULT mode.
16:54:12.015 INFO  o.s.d.r.c.RepositoryConfigurationDelegate [182] - Finished Spring Data repository scanning in 205ms. Found 5 repository interfaces.
16:54:12.321 WARN  o.m.s.mapper.ClassPathMapperScanner [44] - No MyBatis mapper was found in '[com.cmos.bj.ngtask]' package. Please check your configuration.
16:54:12.743 INFO  o.s.c.s.PostProcessorRegistrationDelegate$BeanPostProcessorChecker [330] - Bean 'org.springframework.transaction.annotation.ProxyTransactionManagementConfiguration' of type [org.springframework.transaction.annotation.ProxyTransactionManagementConfiguration$$EnhancerBySpringCGLIB$$1e3dadc5] is not eligible for getting processed by all BeanPostProcessors (for example: not eligible for auto-proxying)
16:54:13.427 INFO  o.s.b.w.e.tomcat.TomcatWebServer [90] - Tomcat initialized with port(s): 8001 (http)
16:54:13.451 INFO  o.a.coyote.http11.Http11NioProtocol [173] - Initializing ProtocolHandler ["http-nio-8001"]
16:54:13.467 INFO  o.a.catalina.core.StandardService [173] - Starting service [Tomcat]
16:54:13.467 INFO  o.a.catalina.core.StandardEngine [173] - Starting Servlet engine: [Apache Tomcat/9.0.24]
16:54:13.759 INFO  o.a.c.c.C.[Tomcat].[localhost].[/] [173] - Initializing Spring embedded WebApplicationContext
16:54:13.760 INFO  o.s.web.context.ContextLoader [284] - Root WebApplicationContext: initialization completed in 4333 ms
16:54:13.769 INFO  c.cmos.bj.ngtask.config.DruidConfig [28] - init Druid Servlet Configuration
16:54:13.830 INFO  o.s.b.web.servlet.RegistrationBean [110] - Servlet statViewServlet was not registered (possibly already registered?)
16:54:13.837 INFO  o.s.b.web.servlet.RegistrationBean [110] - Filter webStatFilter was not registered (possibly already registered?)
16:54:14.788 INFO  c.alibaba.druid.pool.DruidDataSource [930] - {dataSource-1} inited
16:54:15.625 INFO  o.s.b.d.a.OptionalLiveReloadServer [57] - LiveReload server is running on port 35729
16:54:15.920 INFO  o.h.jpa.internal.util.LogHelper [31] - HHH000204: Processing PersistenceUnitInfo [
	name: default
	...]
16:54:16.026 INFO  org.hibernate.Version [46] - HHH000412: Hibernate Core {5.3.11.Final}
16:54:16.029 INFO  org.hibernate.cfg.Environment [213] - HHH000206: hibernate.properties not found
16:54:16.272 INFO  o.h.annotations.common.Version [49] - HCANN000001: Hibernate Commons Annotations {5.0.4.Final}
16:54:16.543 INFO  org.hibernate.dialect.Dialect [157] - HHH000400: Using dialect: org.hibernate.dialect.MySQL5Dialect
16:54:17.537 INFO  o.s.o.j.LocalContainerEntityManagerFactoryBean [415] - Initialized JPA EntityManagerFactory for persistence unit 'default'
16:54:17.909 INFO  o.s.s.c.ThreadPoolTaskScheduler [171] - Initializing ExecutorService 'threadPoolTaskScheduler'
16:54:17.912 INFO  com.cmos.bj.ngtask.config.TaskConfig [48] - 开始注册所有任务……
16:54:17.985 INFO  o.h.h.i.QueryTranslatorFactoryInitiator [47] - HHH000397: Using ASTQueryTranslatorFactory
16:54:18.203 INFO  com.cmos.bj.ngtask.utils.TaskUtils [56] - 添加任务成功：100
16:54:18.203 INFO  com.cmos.bj.ngtask.config.TaskConfig [83] - 100任务添加成功
16:54:18.204 INFO  com.cmos.bj.ngtask.utils.TaskUtils [56] - 添加任务成功：154
16:54:18.205 INFO  com.cmos.bj.ngtask.config.TaskConfig [83] - 154任务添加成功
16:54:18.227 INFO  com.cmos.bj.ngtask.utils.TaskUtils [56] - 添加任务成功：deleteFileTest
16:54:18.227 INFO  com.cmos.bj.ngtask.config.TaskConfig [83] - deleteFileTest任务添加成功
16:54:18.690 WARN  o.s.b.a.o.j.JpaBaseConfiguration$JpaWebConfiguration$JpaWebMvcConfiguration [226] - spring.jpa.open-in-view is enabled by default. Therefore, database queries may be performed during view rendering. Explicitly configure spring.jpa.open-in-view to disable this warning
16:54:19.062 INFO  o.s.b.a.w.s.WelcomePageHandlerMapping [58] - Adding welcome page template: index
16:54:19.123 WARN  o.t.templatemode.TemplateMode [150] - [THYMELEAF][restartedMain] Template Mode 'HTML5' is deprecated. Using Template Mode 'HTML' instead.
16:54:19.636 INFO  o.a.coyote.http11.Http11NioProtocol [173] - Starting ProtocolHandler ["http-nio-8001"]
16:54:19.672 INFO  o.s.b.w.e.tomcat.TomcatWebServer [202] - Tomcat started on port(s): 8001 (http) with context path ''
16:54:19.676 INFO  com.cmos.bj.ngtask.TaskApplication [59] - Started TaskApplication in 33.228 seconds (JVM running for 37.426)
16:54:19.849 INFO  o.a.c.c.C.[Tomcat].[localhost].[/] [173] - Initializing Spring DispatcherServlet 'dispatcherServlet'
16:54:19.849 INFO  o.s.web.servlet.DispatcherServlet [524] - Initializing Servlet 'dispatcherServlet'
16:54:19.895 INFO  o.s.web.servlet.DispatcherServlet [546] - Completed initialization in 45 ms
16:55:00.055 INFO  com.cmos.bj.ngtask.task.AbsSftpTask [38] - 154任务已停用，如要启用请修改配置。
16:55:00.058 INFO  com.cmos.bj.ngtask.task.AbsSftpTask [38] - 100任务已停用，如要启用请修改配置。
16:55:00.063 INFO  c.c.b.n.t.i.f.DeleteLocalFileTaskImpl [53] - deleteFileTest任务已停用，如要启用请修改配置。
16:56:00.020 INFO  com.cmos.bj.ngtask.task.AbsSftpTask [38] - 154任务已停用，如要启用请修改配置。
16:56:00.044 INFO  com.cmos.bj.ngtask.task.AbsSftpTask [38] - 100任务已停用，如要启用请修改配置。
16:56:00.045 INFO  c.c.b.n.t.i.f.DeleteLocalFileTaskImpl [53] - deleteFileTest任务已停用，如要启用请修改配置。
16:57:00.016 INFO  c.c.b.n.t.i.f.DeleteLocalFileTaskImpl [53] - deleteFileTest任务已停用，如要启用请修改配置。
16:57:00.021 INFO  com.cmos.bj.ngtask.task.AbsSftpTask [38] - 100任务已停用，如要启用请修改配置。
16:57:00.049 INFO  com.cmos.bj.ngtask.task.AbsSftpTask [38] - 154任务已停用，如要启用请修改配置。
16:58:00.016 INFO  com.cmos.bj.ngtask.task.AbsSftpTask [38] - 154任务已停用，如要启用请修改配置。
16:58:00.019 INFO  com.cmos.bj.ngtask.task.AbsSftpTask [38] - 100任务已停用，如要启用请修改配置。
16:58:00.028 INFO  c.c.b.n.t.i.f.DeleteLocalFileTaskImpl [53] - deleteFileTest任务已停用，如要启用请修改配置。
16:59:00.028 INFO  com.cmos.bj.ngtask.task.AbsSftpTask [38] - 100任务已停用，如要启用请修改配置。
16:59:00.032 INFO  c.c.b.n.t.i.f.DeleteLocalFileTaskImpl [53] - deleteFileTest任务已停用，如要启用请修改配置。
16:59:00.042 INFO  com.cmos.bj.ngtask.task.AbsSftpTask [38] - 154任务已停用，如要启用请修改配置。
17:00:00.011 INFO  com.cmos.bj.ngtask.task.AbsSftpTask [38] - 154任务已停用，如要启用请修改配置。
17:00:00.013 INFO  com.cmos.bj.ngtask.task.AbsSftpTask [38] - 100任务已停用，如要启用请修改配置。
17:00:00.169 INFO  c.c.b.n.t.i.f.DeleteLocalFileTaskImpl [53] - deleteFileTest任务已停用，如要启用请修改配置。
17:01:00.011 INFO  com.cmos.bj.ngtask.task.AbsSftpTask [38] - 100任务已停用，如要启用请修改配置。
17:01:00.013 INFO  c.c.b.n.t.i.f.DeleteLocalFileTaskImpl [53] - deleteFileTest任务已停用，如要启用请修改配置。
17:01:00.019 INFO  com.cmos.bj.ngtask.task.AbsSftpTask [38] - 154任务已停用，如要启用请修改配置。
17:02:00.009 INFO  com.cmos.bj.ngtask.task.AbsSftpTask [38] - 100任务已停用，如要启用请修改配置。
17:02:00.010 INFO  com.cmos.bj.ngtask.task.AbsSftpTask [38] - 154任务已停用，如要启用请修改配置。
17:02:00.015 INFO  c.c.b.n.t.i.f.DeleteLocalFileTaskImpl [53] - deleteFileTest任务已停用，如要启用请修改配置。
17:03:00.010 INFO  com.cmos.bj.ngtask.task.AbsSftpTask [38] - 154任务已停用，如要启用请修改配置。
17:03:00.010 INFO  c.c.b.n.t.i.f.DeleteLocalFileTaskImpl [53] - deleteFileTest任务已停用，如要启用请修改配置。
17:03:00.020 INFO  com.cmos.bj.ngtask.task.AbsSftpTask [38] - 100任务已停用，如要启用请修改配置。
17:04:00.011 INFO  com.cmos.bj.ngtask.task.AbsSftpTask [38] - 154任务已停用，如要启用请修改配置。
17:04:00.011 INFO  com.cmos.bj.ngtask.task.AbsSftpTask [38] - 100任务已停用，如要启用请修改配置。
17:04:00.016 INFO  c.c.b.n.t.i.f.DeleteLocalFileTaskImpl [53] - deleteFileTest任务已停用，如要启用请修改配置。
17:05:00.009 INFO  c.c.b.n.t.i.f.DeleteLocalFileTaskImpl [53] - deleteFileTest任务已停用，如要启用请修改配置。
17:05:00.009 INFO  com.cmos.bj.ngtask.task.AbsSftpTask [38] - 154任务已停用，如要启用请修改配置。
17:05:00.009 INFO  com.cmos.bj.ngtask.task.AbsSftpTask [38] - 100任务已停用，如要启用请修改配置。
17:06:00.008 INFO  com.cmos.bj.ngtask.task.AbsSftpTask [38] - 154任务已停用，如要启用请修改配置。
17:06:00.008 INFO  com.cmos.bj.ngtask.task.AbsSftpTask [38] - 100任务已停用，如要启用请修改配置。
17:06:00.008 INFO  c.c.b.n.t.i.f.DeleteLocalFileTaskImpl [53] - deleteFileTest任务已停用，如要启用请修改配置。
17:07:00.011 INFO  com.cmos.bj.ngtask.task.AbsSftpTask [38] - 154任务已停用，如要启用请修改配置。
17:07:00.011 INFO  com.cmos.bj.ngtask.task.AbsSftpTask [38] - 100任务已停用，如要启用请修改配置。
17:07:00.011 INFO  c.c.b.n.t.i.f.DeleteLocalFileTaskImpl [53] - deleteFileTest任务已停用，如要启用请修改配置。
17:08:00.010 INFO  com.cmos.bj.ngtask.task.AbsSftpTask [38] - 100任务已停用，如要启用请修改配置。
17:08:00.010 INFO  c.c.b.n.t.i.f.DeleteLocalFileTaskImpl [53] - deleteFileTest任务已停用，如要启用请修改配置。
17:08:00.014 INFO  com.cmos.bj.ngtask.task.AbsSftpTask [38] - 154任务已停用，如要启用请修改配置。
17:09:00.010 INFO  com.cmos.bj.ngtask.task.AbsSftpTask [38] - 154任务已停用，如要启用请修改配置。
17:09:00.010 INFO  c.c.b.n.t.i.f.DeleteLocalFileTaskImpl [53] - deleteFileTest任务已停用，如要启用请修改配置。
17:09:00.014 INFO  com.cmos.bj.ngtask.task.AbsSftpTask [38] - 100任务已停用，如要启用请修改配置。
17:10:00.008 INFO  com.cmos.bj.ngtask.task.AbsSftpTask [38] - 100任务已停用，如要启用请修改配置。
17:10:00.008 INFO  c.c.b.n.t.i.f.DeleteLocalFileTaskImpl [53] - deleteFileTest任务已停用，如要启用请修改配置。
17:10:00.016 INFO  com.cmos.bj.ngtask.task.AbsSftpTask [38] - 154任务已停用，如要启用请修改配置。
17:11:00.009 INFO  c.c.b.n.t.i.f.DeleteLocalFileTaskImpl [53] - deleteFileTest任务已停用，如要启用请修改配置。
17:11:00.012 INFO  com.cmos.bj.ngtask.task.AbsSftpTask [38] - 154任务已停用，如要启用请修改配置。
17:11:00.012 INFO  com.cmos.bj.ngtask.task.AbsSftpTask [38] - 100任务已停用，如要启用请修改配置。
17:12:00.009 INFO  com.cmos.bj.ngtask.task.AbsSftpTask [38] - 100任务已停用，如要启用请修改配置。
17:12:00.009 INFO  c.c.b.n.t.i.f.DeleteLocalFileTaskImpl [53] - deleteFileTest任务已停用，如要启用请修改配置。
17:12:00.035 INFO  com.cmos.bj.ngtask.task.AbsSftpTask [38] - 154任务已停用，如要启用请修改配置。
17:13:00.010 INFO  com.cmos.bj.ngtask.task.AbsSftpTask [38] - 154任务已停用，如要启用请修改配置。
17:13:00.010 INFO  com.cmos.bj.ngtask.task.AbsSftpTask [38] - 100任务已停用，如要启用请修改配置。
17:13:00.017 INFO  c.c.b.n.t.i.f.DeleteLocalFileTaskImpl [53] - deleteFileTest任务已停用，如要启用请修改配置。
17:14:00.009 INFO  com.cmos.bj.ngtask.task.AbsSftpTask [38] - 154任务已停用，如要启用请修改配置。
17:14:00.009 INFO  com.cmos.bj.ngtask.task.AbsSftpTask [38] - 100任务已停用，如要启用请修改配置。
17:14:00.009 INFO  c.c.b.n.t.i.f.DeleteLocalFileTaskImpl [53] - deleteFileTest任务已停用，如要启用请修改配置。
17:15:00.009 INFO  c.c.b.n.t.i.f.DeleteLocalFileTaskImpl [53] - deleteFileTest任务已停用，如要启用请修改配置。
17:15:00.009 INFO  com.cmos.bj.ngtask.task.AbsSftpTask [38] - 154任务已停用，如要启用请修改配置。
17:15:00.009 INFO  com.cmos.bj.ngtask.task.AbsSftpTask [38] - 100任务已停用，如要启用请修改配置。
17:16:00.008 INFO  com.cmos.bj.ngtask.task.AbsSftpTask [38] - 154任务已停用，如要启用请修改配置。
17:16:00.008 INFO  com.cmos.bj.ngtask.task.AbsSftpTask [38] - 100任务已停用，如要启用请修改配置。
17:16:00.008 INFO  c.c.b.n.t.i.f.DeleteLocalFileTaskImpl [53] - deleteFileTest任务已停用，如要启用请修改配置。
17:17:00.008 INFO  c.c.b.n.t.i.f.DeleteLocalFileTaskImpl [53] - deleteFileTest任务已停用，如要启用请修改配置。
17:17:00.008 INFO  com.cmos.bj.ngtask.task.AbsSftpTask [38] - 100任务已停用，如要启用请修改配置。
17:17:00.008 INFO  com.cmos.bj.ngtask.task.AbsSftpTask [38] - 154任务已停用，如要启用请修改配置。
17:18:00.008 INFO  com.cmos.bj.ngtask.task.AbsSftpTask [38] - 154任务已停用，如要启用请修改配置。
17:18:00.010 INFO  c.c.b.n.t.i.f.DeleteLocalFileTaskImpl [53] - deleteFileTest任务已停用，如要启用请修改配置。
17:18:00.015 INFO  com.cmos.bj.ngtask.task.AbsSftpTask [38] - 100任务已停用，如要启用请修改配置。
17:19:00.008 INFO  com.cmos.bj.ngtask.task.AbsSftpTask [38] - 100任务已停用，如要启用请修改配置。
17:19:00.008 INFO  c.c.b.n.t.i.f.DeleteLocalFileTaskImpl [53] - deleteFileTest任务已停用，如要启用请修改配置。
17:19:00.010 INFO  com.cmos.bj.ngtask.task.AbsSftpTask [38] - 154任务已停用，如要启用请修改配置。
17:20:00.008 INFO  com.cmos.bj.ngtask.task.AbsSftpTask [38] - 100任务已停用，如要启用请修改配置。
17:20:00.008 INFO  c.c.b.n.t.i.f.DeleteLocalFileTaskImpl [53] - deleteFileTest任务已停用，如要启用请修改配置。
17:20:00.009 INFO  com.cmos.bj.ngtask.task.AbsSftpTask [38] - 154任务已停用，如要启用请修改配置。
17:21:00.008 INFO  c.c.b.n.t.i.f.DeleteLocalFileTaskImpl [53] - deleteFileTest任务已停用，如要启用请修改配置。
17:21:00.008 INFO  com.cmos.bj.ngtask.task.AbsSftpTask [38] - 100任务已停用，如要启用请修改配置。
17:21:00.016 INFO  com.cmos.bj.ngtask.task.AbsSftpTask [38] - 154任务已停用，如要启用请修改配置。
17:22:00.008 INFO  com.cmos.bj.ngtask.task.AbsSftpTask [38] - 154任务已停用，如要启用请修改配置。
17:22:00.011 INFO  c.c.b.n.t.i.f.DeleteLocalFileTaskImpl [53] - deleteFileTest任务已停用，如要启用请修改配置。
17:22:00.011 INFO  com.cmos.bj.ngtask.task.AbsSftpTask [38] - 100任务已停用，如要启用请修改配置。
17:23:00.010 INFO  c.c.b.n.t.i.f.DeleteLocalFileTaskImpl [53] - deleteFileTest任务已停用，如要启用请修改配置。
17:23:00.014 INFO  com.cmos.bj.ngtask.task.AbsSftpTask [38] - 100任务已停用，如要启用请修改配置。
17:23:00.017 INFO  com.cmos.bj.ngtask.task.AbsSftpTask [38] - 154任务已停用，如要启用请修改配置。
17:24:00.006 INFO  com.cmos.bj.ngtask.task.AbsSftpTask [38] - 154任务已停用，如要启用请修改配置。
17:24:00.010 INFO  c.c.b.n.t.i.f.DeleteLocalFileTaskImpl [53] - deleteFileTest任务已停用，如要启用请修改配置。
17:24:00.043 INFO  com.cmos.bj.ngtask.task.AbsSftpTask [38] - 100任务已停用，如要启用请修改配置。
17:25:00.008 INFO  com.cmos.bj.ngtask.task.AbsSftpTask [38] - 154任务已停用，如要启用请修改配置。
17:25:00.008 INFO  c.c.b.n.t.i.f.DeleteLocalFileTaskImpl [53] - deleteFileTest任务已停用，如要启用请修改配置。
17:25:00.008 INFO  com.cmos.bj.ngtask.task.AbsSftpTask [38] - 100任务已停用，如要启用请修改配置。
17:26:00.013 INFO  com.cmos.bj.ngtask.task.AbsSftpTask [38] - 154任务已停用，如要启用请修改配置。
17:26:00.020 INFO  c.c.b.n.t.i.f.DeleteLocalFileTaskImpl [53] - deleteFileTest任务已停用，如要启用请修改配置。
17:26:00.026 INFO  com.cmos.bj.ngtask.task.AbsSftpTask [38] - 100任务已停用，如要启用请修改配置。
17:27:00.008 INFO  com.cmos.bj.ngtask.task.AbsSftpTask [38] - 154任务已停用，如要启用请修改配置。
17:27:00.014 INFO  com.cmos.bj.ngtask.task.AbsSftpTask [38] - 100任务已停用，如要启用请修改配置。
17:27:00.014 INFO  c.c.b.n.t.i.f.DeleteLocalFileTaskImpl [53] - deleteFileTest任务已停用，如要启用请修改配置。
17:28:00.010 INFO  com.cmos.bj.ngtask.task.AbsSftpTask [38] - 154任务已停用，如要启用请修改配置。
17:28:00.010 INFO  c.c.b.n.t.i.f.DeleteLocalFileTaskImpl [53] - deleteFileTest任务已停用，如要启用请修改配置。
17:28:00.072 INFO  com.cmos.bj.ngtask.task.AbsSftpTask [38] - 100任务已停用，如要启用请修改配置。
17:29:00.009 INFO  com.cmos.bj.ngtask.task.AbsSftpTask [38] - 100任务已停用，如要启用请修改配置。
17:29:00.009 INFO  com.cmos.bj.ngtask.task.AbsSftpTask [38] - 154任务已停用，如要启用请修改配置。
17:29:00.009 INFO  c.c.b.n.t.i.f.DeleteLocalFileTaskImpl [53] - deleteFileTest任务已停用，如要启用请修改配置。
17:30:00.008 INFO  com.cmos.bj.ngtask.task.AbsSftpTask [38] - 100任务已停用，如要启用请修改配置。
17:30:00.009 INFO  com.cmos.bj.ngtask.task.AbsSftpTask [38] - 154任务已停用，如要启用请修改配置。
17:30:00.020 INFO  c.c.b.n.t.i.f.DeleteLocalFileTaskImpl [53] - deleteFileTest任务已停用，如要启用请修改配置。
17:31:00.014 INFO  com.cmos.bj.ngtask.task.AbsSftpTask [38] - 154任务已停用，如要启用请修改配置。
17:31:00.023 INFO  c.c.b.n.t.i.f.DeleteLocalFileTaskImpl [53] - deleteFileTest任务已停用，如要启用请修改配置。
17:31:00.031 INFO  com.cmos.bj.ngtask.task.AbsSftpTask [38] - 100任务已停用，如要启用请修改配置。
17:32:00.022 INFO  com.cmos.bj.ngtask.task.AbsSftpTask [38] - 100任务已停用，如要启用请修改配置。
17:32:00.026 INFO  com.cmos.bj.ngtask.task.AbsSftpTask [38] - 154任务已停用，如要启用请修改配置。
17:32:00.030 INFO  c.c.b.n.t.i.f.DeleteLocalFileTaskImpl [53] - deleteFileTest任务已停用，如要启用请修改配置。
17:33:00.013 INFO  com.cmos.bj.ngtask.task.AbsSftpTask [38] - 154任务已停用，如要启用请修改配置。
17:33:00.016 INFO  com.cmos.bj.ngtask.task.AbsSftpTask [38] - 100任务已停用，如要启用请修改配置。
17:33:00.016 INFO  c.c.b.n.t.i.f.DeleteLocalFileTaskImpl [53] - deleteFileTest任务已停用，如要启用请修改配置。
17:34:00.074 INFO  com.cmos.bj.ngtask.task.AbsSftpTask [38] - 154任务已停用，如要启用请修改配置。
17:34:00.096 INFO  com.cmos.bj.ngtask.task.AbsSftpTask [38] - 100任务已停用，如要启用请修改配置。
17:34:00.098 INFO  c.c.b.n.t.i.f.DeleteLocalFileTaskImpl [53] - deleteFileTest任务已停用，如要启用请修改配置。
17:35:00.015 INFO  com.cmos.bj.ngtask.task.AbsSftpTask [38] - 154任务已停用，如要启用请修改配置。
17:35:00.017 INFO  com.cmos.bj.ngtask.task.AbsSftpTask [38] - 100任务已停用，如要启用请修改配置。
17:35:00.017 INFO  c.c.b.n.t.i.f.DeleteLocalFileTaskImpl [53] - deleteFileTest任务已停用，如要启用请修改配置。
17:36:00.008 INFO  com.cmos.bj.ngtask.task.AbsSftpTask [38] - 100任务已停用，如要启用请修改配置。
17:36:00.008 INFO  com.cmos.bj.ngtask.task.AbsSftpTask [38] - 154任务已停用，如要启用请修改配置。
17:36:00.009 INFO  c.c.b.n.t.i.f.DeleteLocalFileTaskImpl [53] - deleteFileTest任务已停用，如要启用请修改配置。
17:37:00.007 INFO  c.c.b.n.t.i.f.DeleteLocalFileTaskImpl [53] - deleteFileTest任务已停用，如要启用请修改配置。
17:37:00.007 INFO  com.cmos.bj.ngtask.task.AbsSftpTask [38] - 100任务已停用，如要启用请修改配置。
17:37:00.008 INFO  com.cmos.bj.ngtask.task.AbsSftpTask [38] - 154任务已停用，如要启用请修改配置。
17:37:25.347 WARN  o.s.w.s.m.s.DefaultHandlerExceptionResolver [198] - Resolved [org.springframework.web.bind.MissingServletRequestParameterException: Required String parameter 'username' is not present]
17:38:00.008 INFO  c.c.b.n.t.i.f.DeleteLocalFileTaskImpl [53] - deleteFileTest任务已停用，如要启用请修改配置。
17:38:00.010 INFO  com.cmos.bj.ngtask.task.AbsSftpTask [38] - 154任务已停用，如要启用请修改配置。
17:38:00.012 INFO  com.cmos.bj.ngtask.task.AbsSftpTask [38] - 100任务已停用，如要启用请修改配置。
17:39:00.008 INFO  com.cmos.bj.ngtask.task.AbsSftpTask [38] - 100任务已停用，如要启用请修改配置。
17:39:00.010 INFO  c.c.b.n.t.i.f.DeleteLocalFileTaskImpl [53] - deleteFileTest任务已停用，如要启用请修改配置。
17:39:00.015 INFO  com.cmos.bj.ngtask.task.AbsSftpTask [38] - 154任务已停用，如要启用请修改配置。
17:40:00.009 INFO  com.cmos.bj.ngtask.task.AbsSftpTask [38] - 154任务已停用，如要启用请修改配置。
17:40:00.010 INFO  c.c.b.n.t.i.f.DeleteLocalFileTaskImpl [53] - deleteFileTest任务已停用，如要启用请修改配置。
17:40:00.017 INFO  com.cmos.bj.ngtask.task.AbsSftpTask [38] - 100任务已停用，如要启用请修改配置。
17:41:00.009 INFO  com.cmos.bj.ngtask.task.AbsSftpTask [38] - 100任务已停用，如要启用请修改配置。
17:41:00.009 INFO  c.c.b.n.t.i.f.DeleteLocalFileTaskImpl [53] - deleteFileTest任务已停用，如要启用请修改配置。
17:41:00.107 INFO  com.cmos.bj.ngtask.task.AbsSftpTask [38] - 154任务已停用，如要启用请修改配置。
17:42:00.007 INFO  com.cmos.bj.ngtask.task.AbsSftpTask [38] - 154任务已停用，如要启用请修改配置。
17:42:00.007 INFO  com.cmos.bj.ngtask.task.AbsSftpTask [38] - 100任务已停用，如要启用请修改配置。
17:42:00.010 INFO  c.c.b.n.t.i.f.DeleteLocalFileTaskImpl [53] - deleteFileTest任务已停用，如要启用请修改配置。
17:43:00.009 INFO  com.cmos.bj.ngtask.task.AbsSftpTask [38] - 154任务已停用，如要启用请修改配置。
17:43:00.017 INFO  com.cmos.bj.ngtask.task.AbsSftpTask [38] - 100任务已停用，如要启用请修改配置。
17:43:00.034 INFO  c.c.b.n.t.i.f.DeleteLocalFileTaskImpl [53] - deleteFileTest任务已停用，如要启用请修改配置。
17:44:00.007 INFO  com.cmos.bj.ngtask.task.AbsSftpTask [38] - 154任务已停用，如要启用请修改配置。
17:44:00.010 INFO  com.cmos.bj.ngtask.task.AbsSftpTask [38] - 100任务已停用，如要启用请修改配置。
17:44:00.010 INFO  c.c.b.n.t.i.f.DeleteLocalFileTaskImpl [53] - deleteFileTest任务已停用，如要启用请修改配置。
17:45:00.009 INFO  c.c.b.n.t.i.f.DeleteLocalFileTaskImpl [53] - deleteFileTest任务已停用，如要启用请修改配置。
17:45:00.009 INFO  com.cmos.bj.ngtask.task.AbsSftpTask [38] - 154任务已停用，如要启用请修改配置。
17:45:00.080 INFO  com.cmos.bj.ngtask.task.AbsSftpTask [38] - 100任务已停用，如要启用请修改配置。
17:46:00.007 INFO  c.c.b.n.t.i.f.DeleteLocalFileTaskImpl [53] - deleteFileTest任务已停用，如要启用请修改配置。
17:46:00.007 INFO  com.cmos.bj.ngtask.task.AbsSftpTask [38] - 154任务已停用，如要启用请修改配置。
17:46:00.013 INFO  com.cmos.bj.ngtask.task.AbsSftpTask [38] - 100任务已停用，如要启用请修改配置。
17:47:00.005 INFO  com.cmos.bj.ngtask.task.AbsSftpTask [38] - 100任务已停用，如要启用请修改配置。
17:47:00.006 INFO  c.c.b.n.t.i.f.DeleteLocalFileTaskImpl [53] - deleteFileTest任务已停用，如要启用请修改配置。
17:47:00.007 INFO  com.cmos.bj.ngtask.task.AbsSftpTask [38] - 154任务已停用，如要启用请修改配置。
17:48:00.008 INFO  com.cmos.bj.ngtask.task.AbsSftpTask [38] - 154任务已停用，如要启用请修改配置。
17:48:00.008 INFO  com.cmos.bj.ngtask.task.AbsSftpTask [38] - 100任务已停用，如要启用请修改配置。
17:48:00.016 INFO  c.c.b.n.t.i.f.DeleteLocalFileTaskImpl [53] - deleteFileTest任务已停用，如要启用请修改配置。
17:49:00.008 INFO  com.cmos.bj.ngtask.task.AbsSftpTask [38] - 100任务已停用，如要启用请修改配置。
17:49:00.008 INFO  com.cmos.bj.ngtask.task.AbsSftpTask [38] - 154任务已停用，如要启用请修改配置。
17:49:00.008 INFO  c.c.b.n.t.i.f.DeleteLocalFileTaskImpl [53] - deleteFileTest任务已停用，如要启用请修改配置。
17:50:00.008 INFO  com.cmos.bj.ngtask.task.AbsSftpTask [38] - 154任务已停用，如要启用请修改配置。
17:50:00.008 INFO  com.cmos.bj.ngtask.task.AbsSftpTask [38] - 100任务已停用，如要启用请修改配置。
17:50:00.008 INFO  c.c.b.n.t.i.f.DeleteLocalFileTaskImpl [53] - deleteFileTest任务已停用，如要启用请修改配置。
17:51:00.007 INFO  com.cmos.bj.ngtask.task.AbsSftpTask [38] - 154任务已停用，如要启用请修改配置。
17:51:00.007 INFO  c.c.b.n.t.i.f.DeleteLocalFileTaskImpl [53] - deleteFileTest任务已停用，如要启用请修改配置。
17:51:00.007 INFO  com.cmos.bj.ngtask.task.AbsSftpTask [38] - 100任务已停用，如要启用请修改配置。
17:52:00.007 INFO  com.cmos.bj.ngtask.task.AbsSftpTask [38] - 154任务已停用，如要启用请修改配置。
17:52:00.007 INFO  c.c.b.n.t.i.f.DeleteLocalFileTaskImpl [53] - deleteFileTest任务已停用，如要启用请修改配置。
17:52:00.010 INFO  com.cmos.bj.ngtask.task.AbsSftpTask [38] - 100任务已停用，如要启用请修改配置。
17:53:00.006 INFO  c.c.b.n.t.i.f.DeleteLocalFileTaskImpl [53] - deleteFileTest任务已停用，如要启用请修改配置。
17:53:00.006 INFO  com.cmos.bj.ngtask.task.AbsSftpTask [38] - 154任务已停用，如要启用请修改配置。
17:53:00.012 INFO  com.cmos.bj.ngtask.task.AbsSftpTask [38] - 100任务已停用，如要启用请修改配置。
17:54:00.008 INFO  com.cmos.bj.ngtask.task.AbsSftpTask [38] - 100任务已停用，如要启用请修改配置。
17:54:00.010 INFO  com.cmos.bj.ngtask.task.AbsSftpTask [38] - 154任务已停用，如要启用请修改配置。
17:54:00.013 INFO  c.c.b.n.t.i.f.DeleteLocalFileTaskImpl [53] - deleteFileTest任务已停用，如要启用请修改配置。
17:55:00.009 INFO  com.cmos.bj.ngtask.task.AbsSftpTask [38] - 154任务已停用，如要启用请修改配置。
17:55:00.015 INFO  com.cmos.bj.ngtask.task.AbsSftpTask [38] - 100任务已停用，如要启用请修改配置。
17:55:00.030 INFO  c.c.b.n.t.i.f.DeleteLocalFileTaskImpl [53] - deleteFileTest任务已停用，如要启用请修改配置。
17:56:00.006 INFO  c.c.b.n.t.i.f.DeleteLocalFileTaskImpl [53] - deleteFileTest任务已停用，如要启用请修改配置。
17:56:00.007 INFO  com.cmos.bj.ngtask.task.AbsSftpTask [38] - 154任务已停用，如要启用请修改配置。
17:56:00.010 INFO  com.cmos.bj.ngtask.task.AbsSftpTask [38] - 100任务已停用，如要启用请修改配置。
17:57:00.007 INFO  c.c.b.n.t.i.f.DeleteLocalFileTaskImpl [53] - deleteFileTest任务已停用，如要启用请修改配置。
17:57:00.008 INFO  com.cmos.bj.ngtask.task.AbsSftpTask [38] - 100任务已停用，如要启用请修改配置。
17:57:00.008 INFO  com.cmos.bj.ngtask.task.AbsSftpTask [38] - 154任务已停用，如要启用请修改配置。
17:58:00.008 INFO  com.cmos.bj.ngtask.task.AbsSftpTask [38] - 154任务已停用，如要启用请修改配置。
17:58:00.008 INFO  com.cmos.bj.ngtask.task.AbsSftpTask [38] - 100任务已停用，如要启用请修改配置。
17:58:00.008 INFO  c.c.b.n.t.i.f.DeleteLocalFileTaskImpl [53] - deleteFileTest任务已停用，如要启用请修改配置。
17:59:00.007 INFO  com.cmos.bj.ngtask.task.AbsSftpTask [38] - 154任务已停用，如要启用请修改配置。
17:59:00.007 INFO  c.c.b.n.t.i.f.DeleteLocalFileTaskImpl [53] - deleteFileTest任务已停用，如要启用请修改配置。
17:59:00.047 INFO  com.cmos.bj.ngtask.task.AbsSftpTask [38] - 100任务已停用，如要启用请修改配置。
18:00:00.008 INFO  com.cmos.bj.ngtask.task.AbsSftpTask [38] - 154任务已停用，如要启用请修改配置。
18:00:00.008 INFO  com.cmos.bj.ngtask.task.AbsSftpTask [38] - 100任务已停用，如要启用请修改配置。
18:00:00.008 INFO  c.c.b.n.t.i.f.DeleteLocalFileTaskImpl [53] - deleteFileTest任务已停用，如要启用请修改配置。
18:01:00.007 INFO  com.cmos.bj.ngtask.task.AbsSftpTask [38] - 154任务已停用，如要启用请修改配置。
18:01:00.007 INFO  c.c.b.n.t.i.f.DeleteLocalFileTaskImpl [53] - deleteFileTest任务已停用，如要启用请修改配置。
18:01:00.007 INFO  com.cmos.bj.ngtask.task.AbsSftpTask [38] - 100任务已停用，如要启用请修改配置。
18:02:00.005 INFO  com.cmos.bj.ngtask.task.AbsSftpTask [38] - 100任务已停用，如要启用请修改配置。
18:02:00.005 INFO  c.c.b.n.t.i.f.DeleteLocalFileTaskImpl [53] - deleteFileTest任务已停用，如要启用请修改配置。
18:02:00.005 INFO  com.cmos.bj.ngtask.task.AbsSftpTask [38] - 154任务已停用，如要启用请修改配置。
18:03:00.008 INFO  com.cmos.bj.ngtask.task.AbsSftpTask [38] - 100任务已停用，如要启用请修改配置。
18:03:00.008 INFO  com.cmos.bj.ngtask.task.AbsSftpTask [38] - 154任务已停用，如要启用请修改配置。
18:03:00.008 INFO  c.c.b.n.t.i.f.DeleteLocalFileTaskImpl [53] - deleteFileTest任务已停用，如要启用请修改配置。
18:04:00.005 INFO  com.cmos.bj.ngtask.task.AbsSftpTask [38] - 100任务已停用，如要启用请修改配置。
18:04:00.005 INFO  c.c.b.n.t.i.f.DeleteLocalFileTaskImpl [53] - deleteFileTest任务已停用，如要启用请修改配置。
18:04:00.005 INFO  com.cmos.bj.ngtask.task.AbsSftpTask [38] - 154任务已停用，如要启用请修改配置。
18:05:00.007 INFO  com.cmos.bj.ngtask.task.AbsSftpTask [38] - 100任务已停用，如要启用请修改配置。
18:05:00.007 INFO  c.c.b.n.t.i.f.DeleteLocalFileTaskImpl [53] - deleteFileTest任务已停用，如要启用请修改配置。
18:05:00.313 INFO  com.cmos.bj.ngtask.task.AbsSftpTask [38] - 154任务已停用，如要启用请修改配置。
18:06:00.005 INFO  com.cmos.bj.ngtask.task.AbsSftpTask [38] - 100任务已停用，如要启用请修改配置。
18:06:00.005 INFO  c.c.b.n.t.i.f.DeleteLocalFileTaskImpl [53] - deleteFileTest任务已停用，如要启用请修改配置。
18:06:00.007 INFO  com.cmos.bj.ngtask.task.AbsSftpTask [38] - 154任务已停用，如要启用请修改配置。
18:07:00.007 INFO  com.cmos.bj.ngtask.task.AbsSftpTask [38] - 154任务已停用，如要启用请修改配置。
18:07:00.007 INFO  com.cmos.bj.ngtask.task.AbsSftpTask [38] - 100任务已停用，如要启用请修改配置。
18:07:00.007 INFO  c.c.b.n.t.i.f.DeleteLocalFileTaskImpl [53] - deleteFileTest任务已停用，如要启用请修改配置。
18:08:00.006 INFO  com.cmos.bj.ngtask.task.AbsSftpTask [38] - 154任务已停用，如要启用请修改配置。
18:08:00.006 INFO  c.c.b.n.t.i.f.DeleteLocalFileTaskImpl [53] - deleteFileTest任务已停用，如要启用请修改配置。
18:08:00.006 INFO  com.cmos.bj.ngtask.task.AbsSftpTask [38] - 100任务已停用，如要启用请修改配置。
18:09:00.007 INFO  c.c.b.n.t.i.f.DeleteLocalFileTaskImpl [53] - deleteFileTest任务已停用，如要启用请修改配置。
18:09:00.007 INFO  com.cmos.bj.ngtask.task.AbsSftpTask [38] - 154任务已停用，如要启用请修改配置。
18:09:00.009 INFO  com.cmos.bj.ngtask.task.AbsSftpTask [38] - 100任务已停用，如要启用请修改配置。
18:10:00.005 INFO  com.cmos.bj.ngtask.task.AbsSftpTask [38] - 154任务已停用，如要启用请修改配置。
18:10:00.005 INFO  c.c.b.n.t.i.f.DeleteLocalFileTaskImpl [53] - deleteFileTest任务已停用，如要启用请修改配置。
18:10:00.008 INFO  com.cmos.bj.ngtask.task.AbsSftpTask [38] - 100任务已停用，如要启用请修改配置。
18:11:00.016 INFO  c.c.b.n.t.i.f.DeleteLocalFileTaskImpl [53] - deleteFileTest任务已停用，如要启用请修改配置。
18:11:00.017 INFO  com.cmos.bj.ngtask.task.AbsSftpTask [38] - 100任务已停用，如要启用请修改配置。
18:11:00.017 INFO  com.cmos.bj.ngtask.task.AbsSftpTask [38] - 154任务已停用，如要启用请修改配置。
18:12:00.006 INFO  com.cmos.bj.ngtask.task.AbsSftpTask [38] - 100任务已停用，如要启用请修改配置。
18:12:00.007 INFO  c.c.b.n.t.i.f.DeleteLocalFileTaskImpl [53] - deleteFileTest任务已停用，如要启用请修改配置。
18:12:00.008 INFO  com.cmos.bj.ngtask.task.AbsSftpTask [38] - 154任务已停用，如要启用请修改配置。
18:13:00.005 INFO  com.cmos.bj.ngtask.task.AbsSftpTask [38] - 100任务已停用，如要启用请修改配置。
18:13:00.005 INFO  c.c.b.n.t.i.f.DeleteLocalFileTaskImpl [53] - deleteFileTest任务已停用，如要启用请修改配置。
18:13:00.008 INFO  com.cmos.bj.ngtask.task.AbsSftpTask [38] - 154任务已停用，如要启用请修改配置。
18:14:00.008 INFO  com.cmos.bj.ngtask.task.AbsSftpTask [38] - 154任务已停用，如要启用请修改配置。
18:14:00.009 INFO  c.c.b.n.t.i.f.DeleteLocalFileTaskImpl [53] - deleteFileTest任务已停用，如要启用请修改配置。
18:14:00.015 INFO  com.cmos.bj.ngtask.task.AbsSftpTask [38] - 100任务已停用，如要启用请修改配置。
18:15:00.010 INFO  com.cmos.bj.ngtask.task.AbsSftpTask [38] - 100任务已停用，如要启用请修改配置。
18:15:00.010 INFO  com.cmos.bj.ngtask.task.AbsSftpTask [38] - 154任务已停用，如要启用请修改配置。
18:15:00.014 INFO  c.c.b.n.t.i.f.DeleteLocalFileTaskImpl [53] - deleteFileTest任务已停用，如要启用请修改配置。
18:16:00.007 INFO  c.c.b.n.t.i.f.DeleteLocalFileTaskImpl [53] - deleteFileTest任务已停用，如要启用请修改配置。
18:16:00.007 INFO  com.cmos.bj.ngtask.task.AbsSftpTask [38] - 100任务已停用，如要启用请修改配置。
18:16:00.010 INFO  com.cmos.bj.ngtask.task.AbsSftpTask [38] - 154任务已停用，如要启用请修改配置。
18:17:00.030 INFO  com.cmos.bj.ngtask.task.AbsSftpTask [38] - 154任务已停用，如要启用请修改配置。
18:17:00.039 INFO  com.cmos.bj.ngtask.task.AbsSftpTask [38] - 100任务已停用，如要启用请修改配置。
18:17:00.064 INFO  c.c.b.n.t.i.f.DeleteLocalFileTaskImpl [53] - deleteFileTest任务已停用，如要启用请修改配置。
18:18:00.006 INFO  com.cmos.bj.ngtask.task.AbsSftpTask [38] - 154任务已停用，如要启用请修改配置。
18:18:00.009 INFO  c.c.b.n.t.i.f.DeleteLocalFileTaskImpl [53] - deleteFileTest任务已停用，如要启用请修改配置。
18:18:00.010 INFO  com.cmos.bj.ngtask.task.AbsSftpTask [38] - 100任务已停用，如要启用请修改配置。
18:19:00.027 INFO  c.c.b.n.t.i.f.DeleteLocalFileTaskImpl [53] - deleteFileTest任务已停用，如要启用请修改配置。
18:19:00.029 INFO  com.cmos.bj.ngtask.task.AbsSftpTask [38] - 154任务已停用，如要启用请修改配置。
18:19:00.060 INFO  com.cmos.bj.ngtask.task.AbsSftpTask [38] - 100任务已停用，如要启用请修改配置。
18:20:00.004 INFO  com.cmos.bj.ngtask.task.AbsSftpTask [38] - 100任务已停用，如要启用请修改配置。
18:20:00.012 INFO  com.cmos.bj.ngtask.task.AbsSftpTask [38] - 154任务已停用，如要启用请修改配置。
18:20:00.050 INFO  c.c.b.n.t.i.f.DeleteLocalFileTaskImpl [53] - deleteFileTest任务已停用，如要启用请修改配置。
18:20:41.743 INFO  com.cmos.bj.ngtask.TaskApplication [50] - Starting TaskApplication on Evil with PID 27116 (F:\workspace\idea\ngtask\target\classes started by kongz in F:\workspace\idea\ngtask)
18:20:41.749 INFO  com.cmos.bj.ngtask.TaskApplication [652] - The following profiles are active: dev
18:20:41.944 INFO  o.s.b.d.e.DevToolsPropertyDefaultsPostProcessor [225] - Devtools property defaults active! Set 'spring.devtools.add-properties' to 'false' to disable
18:20:41.944 INFO  o.s.b.d.e.DevToolsPropertyDefaultsPostProcessor [225] - For additional web related logging consider setting the 'logging.level.web' property to 'DEBUG'
18:20:45.540 INFO  o.s.d.r.c.RepositoryConfigurationDelegate [126] - Bootstrapping Spring Data repositories in DEFAULT mode.
18:20:46.065 INFO  o.s.d.r.c.RepositoryConfigurationDelegate [182] - Finished Spring Data repository scanning in 498ms. Found 5 repository interfaces.
18:20:46.436 WARN  o.m.s.mapper.ClassPathMapperScanner [44] - No MyBatis mapper was found in '[com.cmos.bj.ngtask]' package. Please check your configuration.
18:20:46.906 INFO  o.s.c.s.PostProcessorRegistrationDelegate$BeanPostProcessorChecker [330] - Bean 'org.springframework.transaction.annotation.ProxyTransactionManagementConfiguration' of type [org.springframework.transaction.annotation.ProxyTransactionManagementConfiguration$$EnhancerBySpringCGLIB$$b8ab729a] is not eligible for getting processed by all BeanPostProcessors (for example: not eligible for auto-proxying)
18:20:47.730 INFO  o.s.b.w.e.tomcat.TomcatWebServer [90] - Tomcat initialized with port(s): 8001 (http)
18:20:47.760 INFO  o.a.coyote.http11.Http11NioProtocol [173] - Initializing ProtocolHandler ["http-nio-8001"]
18:20:47.778 INFO  o.a.catalina.core.StandardService [173] - Starting service [Tomcat]
18:20:47.779 INFO  o.a.catalina.core.StandardEngine [173] - Starting Servlet engine: [Apache Tomcat/9.0.24]
18:20:48.152 INFO  o.a.c.c.C.[Tomcat].[localhost].[/] [173] - Initializing Spring embedded WebApplicationContext
18:20:48.153 INFO  o.s.web.context.ContextLoader [284] - Root WebApplicationContext: initialization completed in 6209 ms
18:20:48.164 INFO  c.cmos.bj.ngtask.config.DruidConfig [28] - init Druid Servlet Configuration
18:20:48.242 INFO  o.s.b.web.servlet.RegistrationBean [110] - Servlet statViewServlet was not registered (possibly already registered?)
18:20:48.249 INFO  o.s.b.web.servlet.RegistrationBean [110] - Filter webStatFilter was not registered (possibly already registered?)
18:20:49.123 INFO  c.alibaba.druid.pool.DruidDataSource [930] - {dataSource-1} inited
18:20:50.044 INFO  o.s.b.d.a.OptionalLiveReloadServer [57] - LiveReload server is running on port 35729
18:20:50.476 INFO  o.h.jpa.internal.util.LogHelper [31] - HHH000204: Processing PersistenceUnitInfo [
	name: default
	...]
18:20:50.642 INFO  org.hibernate.Version [46] - HHH000412: Hibernate Core {5.3.11.Final}
18:20:50.647 INFO  org.hibernate.cfg.Environment [213] - HHH000206: hibernate.properties not found
18:20:51.076 INFO  o.h.annotations.common.Version [49] - HCANN000001: Hibernate Commons Annotations {5.0.4.Final}
18:20:51.522 INFO  org.hibernate.dialect.Dialect [157] - HHH000400: Using dialect: org.hibernate.dialect.MySQL5Dialect
18:20:53.448 INFO  o.s.o.j.LocalContainerEntityManagerFactoryBean [415] - Initialized JPA EntityManagerFactory for persistence unit 'default'
18:20:54.000 INFO  o.s.s.c.ThreadPoolTaskScheduler [171] - Initializing ExecutorService 'threadPoolTaskScheduler'
18:20:54.003 INFO  com.cmos.bj.ngtask.config.TaskConfig [48] - 开始注册所有任务……
18:20:54.111 INFO  o.h.h.i.QueryTranslatorFactoryInitiator [47] - HHH000397: Using ASTQueryTranslatorFactory
18:20:54.432 INFO  com.cmos.bj.ngtask.utils.TaskUtils [56] - 添加任务成功：100
18:20:54.433 INFO  com.cmos.bj.ngtask.config.TaskConfig [83] - 100任务添加成功
18:20:54.434 INFO  com.cmos.bj.ngtask.utils.TaskUtils [56] - 添加任务成功：154
18:20:54.435 INFO  com.cmos.bj.ngtask.config.TaskConfig [83] - 154任务添加成功
18:20:54.462 INFO  com.cmos.bj.ngtask.utils.TaskUtils [56] - 添加任务成功：deleteFileTest
18:20:54.463 INFO  com.cmos.bj.ngtask.config.TaskConfig [83] - deleteFileTest任务添加成功
18:20:55.301 WARN  o.s.b.a.o.j.JpaBaseConfiguration$JpaWebConfiguration$JpaWebMvcConfiguration [226] - spring.jpa.open-in-view is enabled by default. Therefore, database queries may be performed during view rendering. Explicitly configure spring.jpa.open-in-view to disable this warning
18:20:55.356 INFO  o.s.b.a.w.s.WelcomePageHandlerMapping [58] - Adding welcome page template: index
18:20:55.433 WARN  o.t.templatemode.TemplateMode [150] - [THYMELEAF][restartedMain] Template Mode 'HTML5' is deprecated. Using Template Mode 'HTML' instead.
18:20:55.972 INFO  o.a.coyote.http11.Http11NioProtocol [173] - Starting ProtocolHandler ["http-nio-8001"]
18:20:56.026 INFO  o.s.b.w.e.tomcat.TomcatWebServer [202] - Tomcat started on port(s): 8001 (http) with context path ''
18:20:56.031 INFO  com.cmos.bj.ngtask.TaskApplication [59] - Started TaskApplication in 15.714 seconds (JVM running for 19.339)
18:21:00.094 INFO  com.cmos.bj.ngtask.task.AbsSftpTask [38] - 154任务已停用，如要启用请修改配置。
18:21:00.094 INFO  c.c.b.n.t.i.f.DeleteLocalFileTaskImpl [53] - deleteFileTest任务已停用，如要启用请修改配置。
18:21:00.100 INFO  com.cmos.bj.ngtask.task.AbsSftpTask [38] - 100任务已停用，如要启用请修改配置。
18:21:00.506 INFO  o.a.c.c.C.[Tomcat].[localhost].[/] [173] - Initializing Spring DispatcherServlet 'dispatcherServlet'
18:21:00.506 INFO  o.s.web.servlet.DispatcherServlet [524] - Initializing Servlet 'dispatcherServlet'
18:21:00.521 INFO  o.s.web.servlet.DispatcherServlet [546] - Completed initialization in 15 ms
